Setting breakpad minidump AppID = 220780
dlopen failed trying to load:
/home/tim/.local/share/Steam/linux32/libsteam.so
with error:
/home/tim/.local/share/Steam/linux32/libsteam.so: cannot open shared object file: No such file or directory
Steam_SetMinidumpSteamID:  Caching Steam ID:  76561198013355598 [API loaded no]
9.1.2]
    Renderer: Mesa DRI Intel(R) Sandybridge Mobile x86/MMX/SSE2
    Vendor:   Intel Open Source Technology Center
    VRAM:     256 MB
    Extensions: GL_ARB_multisample GL_EXT_abgr GL_EXT_bgra GL_EXT_blend_color GL_EXT_blend_minmax GL_EXT_blend_subtract GL_EXT_copy_texture GL_EXT_polygon_offset GL_EXT_subtexture GL_EXT_texture_object GL_EXT_vertex_array GL_EXT_compiled_vertex_array GL_EXT_texture GL_EXT_texture3D GL_IBM_rasterpos_clip GL_ARB_point_parameters GL_EXT_draw_range_elements GL_EXT_packed_pixels GL_EXT_point_parameters GL_EXT_rescale_normal GL_EXT_separate_specular_color GL_EXT_texture_edge_clamp GL_SGIS_generate_mipmap GL_SGIS_texture_border_clamp GL_SGIS_texture_edge_clamp GL_SGIS_texture_lod GL_ARB_framebuffer_sRGB GL_ARB_multitexture GL_EXT_framebuffer_sRGB GL_IBM_multimode_draw_arrays GL_IBM_texture_mirrored_repeat GL_3DFX_texture_compression_FXT1 GL_ARB_texture_cube_map GL_ARB_texture_env_add GL_ARB_transpose_matrix GL_EXT_blend_func_separate GL_EXT_fog_coord GL_EXT_multi_draw_arrays GL_EXT_secondary_color GL_EXT_texture_env_add GL_EXT_texture_filter_anisotropic GL_EXT_texture_lod_bias GL_INGR_blend_func_separate GL_NV_blend_square GL_NV_light_max_exponent GL_NV_texgen_reflection GL_NV_texture_env_combine4 GL_S3_s3tc GL_SUN_multi_draw_arrays GL_ARB_texture_border_clamp GL_ARB_texture_compression GL_EXT_framebuffer_object GL_EXT_texture_compression_s3tc GL_EXT_texture_env_combine GL_EXT_texture_env_dot3 GL_MESA_window_pos GL_NV_packed_depth_stencil GL_NV_texture_rectangle GL_ARB_depth_texture GL_ARB_occlusion_query GL_ARB_shadow GL_ARB_texture_env_combine GL_ARB_texture_env_crossbar GL_ARB_texture_env_dot3 GL_ARB_texture_mirrored_repeat GL_ARB_window_pos GL_ATI_envmap_bumpmap GL_EXT_stencil_two_side GL_EXT_texture_cube_map GL_NV_depth_clamp GL_APPLE_packed_pixels GL_APPLE_vertex_array_object GL_ARB_draw_buffers GL_ARB_fragment_program GL_ARB_fragment_shader GL_ARB_shader_objects GL_ARB_vertex_program GL_ARB_vertex_shader GL_ATI_draw_buffers GL_ATI_texture_env_combine3 GL_ATI_texture_float GL_EXT_shadow_funcs GL_EXT_stencil_wrap GL_MESA_pack_invert GL_MESA_ycbcr_texture GL_NV_primitive_restart GL_ARB_depth_clamp GL_ARB_fragment_program_shadow GL_ARB_half_float_pixel GL_ARB_occlusion_query2 GL_ARB_point_sprite GL_ARB_shading_language_100 GL_ARB_sync GL_ARB_texture_non_power_of_two GL_ARB_vertex_buffer_object GL_ATI_blend_equation_separate GL_EXT_blend_equation_separate GL_OES_read_format GL_ARB_color_buffer_float GL_ARB_pixel_buffer_object GL_ARB_texture_compression_rgtc GL_ARB_texture_float GL_ARB_texture_rectangle GL_EXT_packed_float GL_EXT_pixel_buffer_object GL_EXT_texture_compression_dxt1 GL_EXT_texture_compression_rgtc GL_EXT_texture_rectangle GL_EXT_texture_sRGB GL_EXT_texture_shared_exponent GL_ARB_framebuffer_object GL_EXT_framebuffer_blit GL_EXT_framebuffer_multisample GL_EXT_packed_depth_stencil GL_APPLE_object_purgeable GL_ARB_vertex_array_object GL_ATI_separate_stencil GL_EXT_draw_buffers2 GL_EXT_draw_instanced GL_EXT_gpu_program_parameters GL_EXT_texture_array GL_EXT_texture_integer GL_EXT_texture_sRGB_decode GL_EXT_timer_query GL_OES_EGL_image GL_MESA_texture_array GL_ARB_copy_buffer GL_ARB_depth_buffer_float GL_ARB_draw_instanced GL_ARB_half_float_vertex GL_ARB_instanced_arrays GL_ARB_map_buffer_range GL_ARB_texture_rg GL_ARB_texture_swizzle GL_ARB_vertex_array_bgra GL_EXT_separate_shader_objects GL_EXT_texture_swizzle GL_EXT_vertex_array_bgra GL_NV_conditional_render GL_AMD_draw_buffers_blend GL_ARB_ES2_compatibility GL_ARB_blend_func_extended GL_ARB_debug_output GL_ARB_draw_buffers_blend GL_ARB_draw_elements_base_vertex GL_ARB_explicit_attrib_location GL_ARB_fragment_coord_conventions GL_ARB_provoking_vertex GL_ARB_sampler_objects GL_ARB_seamless_cube_map GL_ARB_shader_texture_lod GL_ARB_texture_cube_map_array GL_ARB_texture_rgb10_a2ui GL_ARB_uniform_buffer_object GL_ARB_vertex_type_2_10_10_10_rev GL_EXT_provoking_vertex GL_EXT_texture_snorm GL_MESA_texture_signed_rgba GL_ARB_get_program_binary GL_ARB_robustness GL_ARB_shader_bit_encoding GL_ARB_timer_query GL_ANGLE_texture_compression_dxt3 GL_ANGLE_texture_compression_dxt5 GL_ARB_internalformat_query GL_ARB_shading_language_packing GL_ARB_texture_storage GL_EXT_transform_feedback GL_ARB_ES3_compatibility GL_ARB_invalidate_subdata 
GLX Extensions: GLX_ARB_create_context GLX_ARB_create_context_profile GLX_ARB_get_proc_address GLX_ARB_multisample GLX_EXT_import_context GLX_EXT_visual_info GLX_EXT_visual_rating GLX_EXT_create_context_es2_profile GLX_MESA_copy_sub_buffer GLX_MESA_multithread_makecurrent GLX_MESA_swap_control GLX_OML_swap_method GLX_OML_sync_control GLX_SGI_make_current_read GLX_SGI_swap_control GLX_SGI_video_sync GLX_SGIS_multisample GLX_SGIX_fbconfig GLX_SGIX_pbuffer GLX_SGIX_visual_select_group GLX_EXT_texture_from_pixmap GLX_INTEL_swap_event 
Setting maxVSyncInterval to 4
GL: disabling shadows on Intel 9xx (buggy)Initialize engine version: 4.1.3f3 (9174d583c97b)
Total system RAM: 3869 MiB
AudioManager: Using ALSA: default
Begin MonoManager ReloadAssembly
Platform assembly: /home/tim/.local/share/Steam/SteamApps/common/thomaswasalone/thomasWasAlone_Data/Managed/UnityEngine.dll (this message is harmless)
Loading /home/tim/.local/share/Steam/SteamApps/common/thomaswasalone/thomasWasAlone_Data/Managed/UnityEngine.dll into Unity Child Domain
Platform assembly: /home/tim/.local/share/Steam/SteamApps/common/thomaswasalone/thomasWasAlone_Data/Managed/Assembly-CSharp-firstpass.dll (this message is harmless)
Loading /home/tim/.local/share/Steam/SteamApps/common/thomaswasalone/thomasWasAlone_Data/Managed/Assembly-CSharp-firstpass.dll into Unity Child Domain
Platform assembly: /home/tim/.local/share/Steam/SteamApps/common/thomaswasalone/thomasWasAlone_Data/Managed/Assembly-CSharp.dll (this message is harmless)
Loading /home/tim/.local/share/Steam/SteamApps/common/thomaswasalone/thomasWasAlone_Data/Managed/Assembly-CSharp.dll into Unity Child Domain
Platform assembly: /home/tim/.local/share/Steam/SteamApps/common/thomaswasalone/thomasWasAlone_Data/Managed/Assembly-UnityScript.dll (this message is harmless)
Loading /home/tim/.local/share/Steam/SteamApps/common/thomaswasalone/thomasWasAlone_Data/Managed/Assembly-UnityScript.dll into Unity Child Domain
Platform assembly: /home/tim/.local/share/Steam/SteamApps/common/thomaswasalone/thomasWasAlone_Data/Managed/SteamworksManaged.dll (this message is harmless)
Loading /home/tim/.local/share/Steam/SteamApps/common/thomaswasalone/thomasWasAlone_Data/Managed/SteamworksManaged.dll into Unity Child Domain
- Completed reload, in  0.073 seconds
Compositing window manager detected - disabling vsync for performance
Default vsync count 0
requesting resize 1440 x 900
requesting fullscreen 1440 x 900 at 0 Hz
Desktop is 1440 x 900 @ 60 Hz
Platform assembly: /home/tim/.local/share/Steam/SteamApps/common/thomaswasalone/thomasWasAlone_Data/Managed/UnityScript.Lang.dll (this message is harmless)
Platform assembly: /home/tim/.local/share/Steam/SteamApps/common/thomaswasalone/thomasWasAlone_Data/Managed/Boo.Lang.dll (this message is harmless)
The referenced script on this Behaviour is missing!
 
(Filename:  Line: 1606)

Platform assembly: /home/tim/.local/share/Steam/SteamApps/common/thomaswasalone/thomasWasAlone_Data/Managed/System.Core.dll (this message is harmless)
Unloading 3 Unused Serialized files (Serialized files now loaded: 0 / Dirty serialized files: 0)

Unloading 8 unused Assets to reduce memory usage. Loaded Objects now: 195.
Total: 0.472000 ms (FindLiveObjects: 0.012000 ms CreateObjectMapping: 0.019000 ms MarkObjects: 0.304000 ms  DeleteObjects: 0.076000 ms)

Event Type Ignored: MapNotify
Changing real window size to 716 x 877
Event Type Ignored: VisibilityNotify
Event Type Ignored: EnterNotify
Event Type Ignored: FocusIn
Changing real window size to 1440 x 900
Changing real window size to 1440 x 900
Changing real window size to 1440 x 900
got here
 
(Filename: /BuildAgent/work/7535de4ca26c26ac/Runtime/ExportGenerated/LinuxStandalonePlayer/UnityEngineDebug.cpp Line: 54)

requesting resize 1440 x 900

Selecting FBConfig
GLX_FBCONFIG_ID=117
GLX_BUFFER_SIZE=32
GLX_DOUBLEBUFFER=1
GLX_RED_SIZE=8
GLX_GREEN_SIZE=8
GLX_BLUE_SIZE=8
GLX_ALPHA_SIZE=8
GLX_DEPTH_SIZE=24
GLX_STENCIL_SIZE=8
GLX_SAMPLES_ARB=4
GLX_SAMPLE_BUFFERS_ARB=1
GLX_CONFIG_CAVEAT=NONE

requesting fullscreen 1440 x 900 at 60 Hz
Desktop is 1440 x 900 @ 60 Hz
Event Type Ignored: MapNotify
Event Type Ignored: UnmapNotify
Event Type Ignored: FocusOut
Event Type Ignored: DestroyNotify
Changing real window size to 716 x 877
Changing real window size to 1440 x 900
Changing real window size to 1440 x 900
Event Type Ignored: Expose
Event Type Ignored: EnterNotify
levelUnlock = 100
 
(Filename: /BuildAgent/work/7535de4ca26c26ac/Runtime/ExportGenerated/LinuxStandalonePlayer/UnityEngineDebug.cpp Line: 54)

jumpCount = 3717
 
(Filename: /BuildAgent/work/7535de4ca26c26ac/Runtime/ExportGenerated/LinuxStandalonePlayer/UnityEngineDebug.cpp Line: 54)

die = 184
 
(Filename: /BuildAgent/work/7535de4ca26c26ac/Runtime/ExportGenerated/LinuxStandalonePlayer/UnityEngineDebug.cpp Line: 54)

bounce = 1135
 
(Filename: /BuildAgent/work/7535de4ca26c26ac/Runtime/ExportGenerated/LinuxStandalonePlayer/UnityEngineDebug.cpp Line: 54)

Stats saved to the server successfully.
 
(Filename: /BuildAgent/work/7535de4ca26c26ac/Runtime/ExportGenerated/LinuxStandalonePlayer/UnityEngineDebug.cpp Line: 54)

Event Type Ignored: EnterNotify
Event Type Ignored: EnterNotify
Event Type Ignored: Expose
Event Type Ignored: EnterNotify
Event Type Ignored: FocusOut
Event Type Ignored: FocusIn
Event Type Ignored: FocusIn
Overlay shown
 
(Filename: /BuildAgent/work/7535de4ca26c26ac/Runtime/ExportGenerated/LinuxStandalonePlayer/UnityEngineDebug.cpp Line: 54)

Event Type Ignored: EnterNotify
This worked
 
(Filename: /BuildAgent/work/7535de4ca26c26ac/Runtime/ExportGenerated/LinuxStandalonePlayer/UnityEngineDebug.cpp Line: 54)

levelUnlock = 100
 
(Filename: /BuildAgent/work/7535de4ca26c26ac/Runtime/ExportGenerated/LinuxStandalonePlayer/UnityEngineDebug.cpp Line: 54)

jumpCount = 3717
 
(Filename: /BuildAgent/work/7535de4ca26c26ac/Runtime/ExportGenerated/LinuxStandalonePlayer/UnityEngineDebug.cpp Line: 54)

die = 184
 
(Filename: /BuildAgent/work/7535de4ca26c26ac/Runtime/ExportGenerated/LinuxStandalonePlayer/UnityEngineDebug.cpp Line: 54)

bounce = 1135
 
(Filename: /BuildAgent/work/7535de4ca26c26ac/Runtime/ExportGenerated/LinuxStandalonePlayer/UnityEngineDebug.cpp Line: 54)

Unloading 4 Unused Serialized files (Serialized files now loaded: 0 / Dirty serialized files: 0)

Unloading 20 unused Assets to reduce memory usage. Loaded Objects now: 216.
Total: 0.689000 ms (FindLiveObjects: 0.017000 ms CreateObjectMapping: 0.013000 ms MarkObjects: 0.376000 ms  DeleteObjects: 0.200000 ms)

Stats saved to the server successfully.
 
(Filename: /BuildAgent/work/7535de4ca26c26ac/Runtime/ExportGenerated/LinuxStandalonePlayer/UnityEngineDebug.cpp Line: 54)

Font size and style overrides are only supported for dynamic fonts.
 
(Filename:  Line: 79)

Font size and style overrides are only supported for dynamic fonts.
 
(Filename:  Line: 79)

Font size and style overrides are only supported for dynamic fonts.
 
(Filename:  Line: 79)

Font size and style overrides are only supported for dynamic fonts.
 
(Filename:  Line: 79)

Font size and style overrides are only supported for dynamic fonts.
 
(Filename:  Line: 79)

Font size and style overrides are only supported for dynamic fonts.
 
(Filename:  Line: 79)

Event Type Ignored: EnterNotify
Event Type Ignored: EnterNotify
Event Type Ignored: EnterNotify
Overlay closed
 
(Filename: /BuildAgent/work/7535de4ca26c26ac/Runtime/ExportGenerated/LinuxStandalonePlayer/UnityEngineDebug.cpp Line: 54)

