2013/04/24 15:47:08.325    30    31 G0   X ErrorHandler org 7dff3d39, def 7dea9f20 cur 7d95cf70
2013/04/24 15:47:08.342    30    31 G0   XTest extension: base 0, error 0, version 2.2
2013/04/24 15:47:08.343    30    31 G0   Wine: Wine DLL initialized
2013/04/24 15:47:08.343    30    31 G0   Wine: wine-1.5.19

2013/04/24 15:47:08.349    30    31 G0   Monitors: X11 Windowing System, \\.\DISPLAY1, 1440x900 (0,0), flags=21
2013/04/24 15:47:08.349    30    31 G0   Monitors: X11 Windowing System, \\.\DISPLAY1, 1920x1080 (0,-1080), flags=21
2013/04/24 15:47:08.351    30    31 G0   Opening local TCP connection to 127.0.0.1:5939
2013/04/24 15:47:08.351    30    31 G0   Local TCP connection established
2013/04/24 15:47:08.352    30    31 G0   Process ID:  L 30227 /  W 30
2013/04/24 15:47:08.452    30    31 G0   Received Control_InitIPC_Response processtype=1
2013/04/24 15:47:08.452    30    31 G0   Received Control_InitIPC_Response runningProcesses=3
2013/04/24 15:47:08.453    30    31 G0   InterProcess: Sending 3 queued control commands
2013/04/24 15:47:08.453    30    31 G0   Control_InitIPC_Response: all processes 3 completely initialized
2013/04/24 15:47:08.468    30    31 G0!! VerifySignature() : WinVerifyTrust failed, result=2, Errorcode=2
2013/04/24 15:47:08.468    30    31 G0!! MachineHooks: Library not found, Errorcode=2
2013/04/24 15:47:08.553    30    33 G0   ProxySearch: no PAC script detected via WPAD
2013/04/24 15:47:08.607    30    31 G0   X Error 8 on ???, Req 42.0 (#260 r41943047): BadMatch (invalid parameter attributes)
2013/04/24 15:47:08.633    30    33 G0   ProxySearch: no PAC script detected via WPAD
2013/04/24 15:47:08.720    30    31 G0!! DragDropRegistration: could not register window, HR=-2147221163
2013/04/24 15:47:08.785    30    31 G0   Tray created!
2013/04/24 15:47:08.788    30    32 G0   CInterProcess: Processing 2 commands
2013/04/24 15:47:08.789    30    32 G0   CTVUpdate::StartVersionFileDownloadWithCallback(): Start download of version file...
2013/04/24 15:47:08.801    30    31 G0   P_FORCE_WINSTATE_ONCE = WinState_Undefined
2013/04/24 15:47:12.504    30    31 G0   API: The API is not registered with Windows.
2013/04/24 15:47:12.655    30    32 G0   MessageLayer: Received and saved message with ID 7
2013/04/24 15:47:12.694    30    32 G0   MessageLayer: Received and saved message with ID 1
2013/04/24 15:47:12.694    30    32 G0   MessageLayer: Received and saved message with ID 4
2013/04/24 15:47:12.809    30    32 G0   MessageLayer: Received and saved message with ID 5
2013/04/24 15:47:23.953    30    31 G0   X Error 9 on ???, Req 55.0 (#3494 r41943065): BadDrawable (invalid Pixmap or Window parameter)
2013/04/24 15:47:23.953    30    31 G0   X Error 13 on ???, Req 59.0 (#3495 r41943065): BadGC (invalid GC parameter)
2013/04/24 15:47:23.953    30    31 G0   X Error 13 on ???, Req 59.0 (#3496 r41943065): BadGC (invalid GC parameter)
2013/04/24 15:47:23.953    30    31 G0   X Error 13 on ???, Req 60.0 (#3497 r41943065): BadGC (invalid GC parameter)
2013/04/24 15:47:23.953    30    31 G0   X Error 9 on ???, Req 55.0 (#3498 r41943065): BadDrawable (invalid Pixmap or Window parameter)
2013/04/24 15:47:23.953    30    31 G0   X Error 13 on ???, Req 59.0 (#3499 r41943065): BadGC (invalid GC parameter)
2013/04/24 15:47:23.954    30    31 G0   X Error 13 on ???, Req 59.0 (#3500 r41943065): BadGC (invalid GC parameter)
2013/04/24 15:47:23.956    30    31 G0   X Error 13 on ???, Req 56.0 (#3527 r33555542): BadGC (invalid GC parameter)
2013/04/24 15:47:23.956    30    31 G0   X Error 13 on ???, Req 56.0 (#3528 r33555542): BadGC (invalid GC parameter)
2013/04/24 15:47:23.956    30    31 G0   X Error 13 on ???, Req 60.0 (#3529 r33555542): BadGC (invalid GC parameter)
2013/04/24 15:47:23.993    30    31 G0   AudioDriver: Initializing Direct Sound 8
2013/04/24 15:47:23.994    30    39 G0   AudioDriver: Thread Running
2013/04/24 15:47:23.994    30    31 G0   AudioDriver: Direct Sound Initialized
2013/04/24 15:47:23.995    30    31 G0!! AudioDriver: Could not enumerate Direct Sound devices
2013/04/24 15:47:23.995    30    31 G0!! AudioDriver: Could not enumerate Direct Sound capture devices
2013/04/24 15:47:24.047    30    31 G0   X Error 9 on ???, Req 55.0 (#4199 r41943079): BadDrawable (invalid Pixmap or Window parameter)
2013/04/24 15:47:24.048    30    31 G0   X Error 13 on ???, Req 59.0 (#4200 r41943079): BadGC (invalid GC parameter)
2013/04/24 15:47:24.048    30    31 G0   X Error 13 on ???, Req 59.0 (#4201 r41943079): BadGC (invalid GC parameter)
2013/04/24 15:47:24.050    30    31 G0   X Error 13 on ???, Req 56.0 (#4228 r33555740): BadGC (invalid GC parameter)
2013/04/24 15:47:24.050    30    31 G0   X Error 13 on ???, Req 56.0 (#4229 r33555740): BadGC (invalid GC parameter)
2013/04/24 15:47:24.050    30    31 G0   X Error 13 on ???, Req 60.0 (#4230 r33555740): BadGC (invalid GC parameter)
2013/04/24 15:47:27.186    30    31 G0   X Error 9 on ???, Req 55.0 (#4972 r41943083): BadDrawable (invalid Pixmap or Window parameter)
2013/04/24 15:47:27.186    30    31 G0   X Error 13 on ???, Req 59.0 (#4973 r41943083): BadGC (invalid GC parameter)
2013/04/24 15:47:27.186    30    31 G0   X Error 13 on ???, Req 59.0 (#4974 r41943083): BadGC (invalid GC parameter)
2013/04/24 15:47:27.186    30    31 G0   X Error 13 on ???, Req 60.0 (#4978 r33555946): BadGC (invalid GC parameter)
2013/04/24 15:47:27.186    30    31 G0   X Error 9 on ???, Req 55.0 (#4979 r41943083): BadDrawable (invalid Pixmap or Window parameter)
2013/04/24 15:47:27.186    30    31 G0   X Error 13 on ???, Req 59.0 (#4980 r41943083): BadGC (invalid GC parameter)
2013/04/24 15:47:27.187    30    31 G0   X Error 13 on ???, Req 59.0 (#4981 r41943083): BadGC (invalid GC parameter)
2013/04/24 15:47:27.187    30    31 G0   X Error 13 on ???, Req 60.0 (#4982 r41943083): BadGC (invalid GC parameter)
2013/04/24 15:47:27.187    30    31 G0   X Error 9 on ???, Req 55.0 (#4983 r41943083): BadDrawable (invalid Pixmap or Window parameter)
2013/04/24 15:47:27.187    30    31 G0   X Error 13 on ???, Req 59.0 (#4984 r41943083): BadGC (invalid GC parameter)
2013/04/24 15:47:27.188    30    31 G0   X Error 13 on ???, Req 59.0 (#4985 r41943083): BadGC (invalid GC parameter)
2013/04/24 15:47:27.188    30    31 G0   X Error 13 on ???, Req 60.0 (#4986 r41943083): BadGC (invalid GC parameter)
2013/04/24 15:47:27.188    30    31 G0   X Error 9 on ???, Req 55.0 (#4987 r41943083): BadDrawable (invalid Pixmap or Window parameter)
2013/04/24 15:47:27.188    30    31 G0   X Error 13 on ???, Req 59.0 (#4988 r41943083): BadGC (invalid GC parameter)
2013/04/24 15:47:27.189    30    31 G0   X Error 13 on ???, Req 59.0 (#4989 r41943083): BadGC (invalid GC parameter)
2013/04/24 15:47:27.189    30    31 G0   X Error 13 on ???, Req 60.0 (#4990 r41943083): BadGC (invalid GC parameter)
2013/04/24 15:47:27.189    30    31 G0   X Error 9 on ???, Req 55.0 (#4991 r41943083): BadDrawable (invalid Pixmap or Window parameter)
2013/04/24 15:47:27.189    30    31 G0   X Error 13 on ???, Req 59.0 (#4992 r41943083): BadGC (invalid GC parameter)
2013/04/24 15:47:27.190    30    31 G0   X Error 13 on ???, Req 59.0 (#4993 r41943083): BadGC (invalid GC parameter)
2013/04/24 15:47:27.190    30    31 G0   X Error 13 on ???, Req 60.0 (#4994 r41943083): BadGC (invalid GC parameter)
2013/04/24 15:47:27.190    30    31 G0   X Error 9 on ???, Req 55.0 (#4995 r41943083): BadDrawable (invalid Pixmap or Window parameter)
2013/04/24 15:47:27.190    30    31 G0   X Error 13 on ???, Req 59.0 (#4996 r41943083): BadGC (invalid GC parameter)
2013/04/24 15:47:27.191    30    31 G0   X Error 13 on ???, Req 59.0 (#4997 r41943083): BadGC (invalid GC parameter)
2013/04/24 15:47:27.191    30    31 G0   X Error 13 on ???, Req 60.0 (#4998 r41943083): BadGC (invalid GC parameter)
2013/04/24 15:47:27.191    30    31 G0   X Error 9 on ???, Req 55.0 (#4999 r41943083): BadDrawable (invalid Pixmap or Window parameter)
2013/04/24 15:47:27.191    30    31 G0   X Error 13 on ???, Req 59.0 (#5000 r41943083): BadGC (invalid GC parameter)
2013/04/24 15:47:27.192    30    31 G0   X Error 13 on ???, Req 59.0 (#5001 r41943083): BadGC (invalid GC parameter)
2013/04/24 15:47:27.192    30    31 G0   X Error 13 on ???, Req 60.0 (#5002 r41943083): BadGC (invalid GC parameter)
2013/04/24 15:47:27.192    30    31 G0   X Error 9 on ???, Req 55.0 (#5003 r41943083): BadDrawable (invalid Pixmap or Window parameter)
2013/04/24 15:47:27.192    30    31 G0   X Error 13 on ???, Req 59.0 (#5004 r41943083): BadGC (invalid GC parameter)
2013/04/24 15:47:27.193    30    31 G0   X Error 13 on ???, Req 59.0 (#5005 r41943083): BadGC (invalid GC parameter)
2013/04/24 15:47:27.193    30    31 G0   X Error 13 on ???, Req 60.0 (#5006 r41943083): BadGC (invalid GC parameter)
2013/04/24 15:47:27.193    30    31 G0   X Error 9 on ???, Req 55.0 (#5007 r41943083): BadDrawable (invalid Pixmap or Window parameter)
2013/04/24 15:47:27.193    30    31 G0   X Error 13 on ???, Req 59.0 (#5008 r41943083): BadGC (invalid GC parameter)
2013/04/24 15:47:27.194    30    31 G0   X Error 13 on ???, Req 59.0 (#5009 r41943083): BadGC (invalid GC parameter)
2013/04/24 15:47:27.194    30    31 G0   X Error 13 on ???, Req 60.0 (#5010 r41943083): BadGC (invalid GC parameter)
2013/04/24 15:47:27.194    30    31 G0   X Error 9 on ???, Req 55.0 (#5011 r41943083): BadDrawable (invalid Pixmap or Window parameter)
2013/04/24 15:47:27.194    30    31 G0   X Error 13 on ???, Req 59.0 (#5012 r41943083): BadGC (invalid GC parameter)
2013/04/24 15:47:27.195    30    31 G0   X Error 13 on ???, Req 59.0 (#5013 r41943083): BadGC (invalid GC parameter)
2013/04/24 15:47:27.195    30    31 G0   X Error 13 on ???, Req 60.0 (#5014 r41943083): BadGC (invalid GC parameter)
2013/04/24 15:47:27.195    30    31 G0   X Error 9 on ???, Req 55.0 (#5015 r41943083): BadDrawable (invalid Pixmap or Window parameter)
2013/04/24 15:47:27.195    30    31 G0   X Error 13 on ???, Req 59.0 (#5016 r41943083): BadGC (invalid GC parameter)
2013/04/24 15:47:27.195    30    31 G0   X Error 13 on ???, Req 59.0 (#5017 r41943083): BadGC (invalid GC parameter)
2013/04/24 15:47:27.196    30    31 G0   X Error 13 on ???, Req 60.0 (#5018 r41943083): BadGC (invalid GC parameter)
2013/04/24 15:47:27.196    30    31 G0   X Error 9 on ???, Req 55.0 (#5019 r41943083): BadDrawable (invalid Pixmap or Window parameter)
2013/04/24 15:47:27.196    30    31 G0   X Error 13 on ???, Req 59.0 (#5020 r41943083): BadGC (invalid GC parameter)
2013/04/24 15:47:27.196    30    31 G0   X Error 13 on ???, Req 59.0 (#5021 r41943083): BadGC (invalid GC parameter)
2013/04/24 15:47:27.197    30    31 G0   X Error 13 on ???, Req 60.0 (#5022 r41943083): BadGC (invalid GC parameter)
2013/04/24 15:47:27.197    30    31 G0   X Error 9 on ???, Req 55.0 (#5023 r41943083): BadDrawable (invalid Pixmap or Window parameter)
2013/04/24 15:47:27.197    30    31 G0   X Error 13 on ???, Req 59.0 (#5024 r41943083): BadGC (invalid GC parameter)
2013/04/24 15:47:27.197    30    31 G0   X Error 13 on ???, Req 59.0 (#5025 r41943083): BadGC (invalid GC parameter)
2013/04/24 15:47:27.198    30    31 G0   X Error 13 on ???, Req 60.0 (#5026 r41943083): BadGC (invalid GC parameter)
2013/04/24 15:47:27.198    30    31 G0   X Error 9 on ???, Req 55.0 (#5027 r41943083): BadDrawable (invalid Pixmap or Window parameter)
2013/04/24 15:47:27.198    30    31 G0   X Error 13 on ???, Req 59.0 (#5028 r41943083): BadGC (invalid GC parameter)
2013/04/24 15:47:27.198    30    31 G0   X Error 13 on ???, Req 59.0 (#5029 r41943083): BadGC (invalid GC parameter)
2013/04/24 15:47:27.201    30    31 G0   X Error 13 on ???, Req 56.0 (#5056 r33555966): BadGC (invalid GC parameter)
2013/04/24 15:47:27.201    30    31 G0   X Error 13 on ???, Req 56.0 (#5057 r33555966): BadGC (invalid GC parameter)
2013/04/24 15:47:27.202    30    31 G0   X Error 13 on ???, Req 60.0 (#5058 r33555966): BadGC (invalid GC parameter)
2013/04/24 15:47:28.148    30    31 G0   AudioDriver: Initializing Direct Sound 8
2013/04/24 15:47:28.149    30    40 G0   AudioDriver: Thread Running
2013/04/24 15:47:28.150    30    31 G0   AudioDriver: Direct Sound Initialized
2013/04/24 15:47:28.150    30    31 G0!! AudioDriver: Could not enumerate Direct Sound devices
2013/04/24 15:47:28.150    30    31 G0!! AudioDriver: Could not enumerate Direct Sound capture devices
2013/04/24 15:47:40.433    30    32 G0   CBuddyClientSend::LoginAccountChallenge: Try V2Login
2013/04/24 15:47:40.651    30    32 G0   CBuddyClientReceive::ReceivedLoginResponse: Login with V2 Account
2013/04/24 15:47:40.754    30    32 G0   Account Login complete, inCompany = 0, with rights 0
2013/04/24 15:48:38.475    30    31 G0   X Error 9 on ???, Req 55.0 (#13622 r41943125): BadDrawable (invalid Pixmap or Window parameter)
2013/04/24 15:48:38.475    30    31 G0   X Error 13 on ???, Req 59.0 (#13623 r41943125): BadGC (invalid GC parameter)
2013/04/24 15:48:38.475    30    31 G0   X Error 13 on ???, Req 59.0 (#13624 r41943125): BadGC (invalid GC parameter)
2013/04/24 15:48:38.475    30    31 G0   X Error 13 on ???, Req 60.0 (#13625 r41943125): BadGC (invalid GC parameter)
2013/04/24 15:48:38.475    30    31 G0   X Error 9 on ???, Req 55.0 (#13626 r41943125): BadDrawable (invalid Pixmap or Window parameter)
2013/04/24 15:48:38.475    30    31 G0   X Error 13 on ???, Req 59.0 (#13627 r41943125): BadGC (invalid GC parameter)
2013/04/24 15:48:38.476    30    31 G0   X Error 13 on ???, Req 59.0 (#13628 r41943125): BadGC (invalid GC parameter)
2013/04/24 15:48:38.478    30    31 G0   X Error 13 on ???, Req 56.0 (#13655 r33557954): BadGC (invalid GC parameter)
2013/04/24 15:48:38.478    30    31 G0   X Error 13 on ???, Req 56.0 (#13656 r33557954): BadGC (invalid GC parameter)
2013/04/24 15:48:38.479    30    31 G0   X Error 13 on ???, Req 60.0 (#13657 r33557954): BadGC (invalid GC parameter)
2013/04/24 15:48:38.517    30    31 G0   AudioDriver: Initializing Direct Sound 8
2013/04/24 15:48:38.517    30    42 G0   AudioDriver: Thread Running
2013/04/24 15:48:38.518    30    31 G0   AudioDriver: Direct Sound Initialized
2013/04/24 15:48:38.518    30    31 G0!! AudioDriver: Could not enumerate Direct Sound devices
2013/04/24 15:48:38.518    30    31 G0!! AudioDriver: Could not enumerate Direct Sound capture devices
2013/04/24 15:48:38.566    30    31 G0   X Error 9 on ???, Req 55.0 (#14342 r41943139): BadDrawable (invalid Pixmap or Window parameter)
2013/04/24 15:48:38.567    30    31 G0   X Error 13 on ???, Req 59.0 (#14343 r41943139): BadGC (invalid GC parameter)
2013/04/24 15:48:38.567    30    31 G0   X Error 13 on ???, Req 59.0 (#14344 r41943139): BadGC (invalid GC parameter)
2013/04/24 15:48:38.569    30    31 G0   X Error 13 on ???, Req 56.0 (#14371 r33558155): BadGC (invalid GC parameter)
2013/04/24 15:48:38.570    30    31 G0   X Error 13 on ???, Req 56.0 (#14372 r33558155): BadGC (invalid GC parameter)
2013/04/24 15:48:38.570    30    31 G0   X Error 13 on ???, Req 60.0 (#14373 r33558155): BadGC (invalid GC parameter)
2013/04/24 15:48:41.703    30    31 G0   X Error 9 on ???, Req 55.0 (#15115 r41943143): BadDrawable (invalid Pixmap or Window parameter)
2013/04/24 15:48:41.703    30    31 G0   X Error 13 on ???, Req 59.0 (#15116 r41943143): BadGC (invalid GC parameter)
2013/04/24 15:48:41.704    30    31 G0   X Error 13 on ???, Req 59.0 (#15117 r41943143): BadGC (invalid GC parameter)
2013/04/24 15:48:41.704    30    31 G0   X Error 13 on ???, Req 60.0 (#15121 r33558361): BadGC (invalid GC parameter)
2013/04/24 15:48:41.704    30    31 G0   X Error 9 on ???, Req 55.0 (#15122 r41943143): BadDrawable (invalid Pixmap or Window parameter)
2013/04/24 15:48:41.704    30    31 G0   X Error 13 on ???, Req 59.0 (#15123 r41943143): BadGC (invalid GC parameter)
2013/04/24 15:48:41.705    30    31 G0   X Error 13 on ???, Req 59.0 (#15124 r41943143): BadGC (invalid GC parameter)
2013/04/24 15:48:41.705    30    31 G0   X Error 13 on ???, Req 60.0 (#15125 r41943143): BadGC (invalid GC parameter)
2013/04/24 15:48:41.705    30    31 G0   X Error 9 on ???, Req 55.0 (#15126 r41943143): BadDrawable (invalid Pixmap or Window parameter)
2013/04/24 15:48:41.705    30    31 G0   X Error 13 on ???, Req 59.0 (#15127 r41943143): BadGC (invalid GC parameter)
2013/04/24 15:48:41.706    30    31 G0   X Error 13 on ???, Req 59.0 (#15128 r41943143): BadGC (invalid GC parameter)
2013/04/24 15:48:41.706    30    31 G0   X Error 13 on ???, Req 60.0 (#15129 r41943143): BadGC (invalid GC parameter)
2013/04/24 15:48:41.706    30    31 G0   X Error 9 on ???, Req 55.0 (#15130 r41943143): BadDrawable (invalid Pixmap or Window parameter)
2013/04/24 15:48:41.706    30    31 G0   X Error 13 on ???, Req 59.0 (#15131 r41943143): BadGC (invalid GC parameter)
2013/04/24 15:48:41.707    30    31 G0   X Error 13 on ???, Req 59.0 (#15132 r41943143): BadGC (invalid GC parameter)
2013/04/24 15:48:41.707    30    31 G0   X Error 13 on ???, Req 60.0 (#15133 r41943143): BadGC (invalid GC parameter)
2013/04/24 15:48:41.707    30    31 G0   X Error 9 on ???, Req 55.0 (#15134 r41943143): BadDrawable (invalid Pixmap or Window parameter)
2013/04/24 15:48:41.707    30    31 G0   X Error 13 on ???, Req 59.0 (#15135 r41943143): BadGC (invalid GC parameter)
2013/04/24 15:48:41.708    30    31 G0   X Error 13 on ???, Req 59.0 (#15136 r41943143): BadGC (invalid GC parameter)
2013/04/24 15:48:41.708    30    31 G0   X Error 13 on ???, Req 60.0 (#15137 r41943143): BadGC (invalid GC parameter)
2013/04/24 15:48:41.708    30    31 G0   X Error 9 on ???, Req 55.0 (#15138 r41943143): BadDrawable (invalid Pixmap or Window parameter)
2013/04/24 15:48:41.708    30    31 G0   X Error 13 on ???, Req 59.0 (#15139 r41943143): BadGC (invalid GC parameter)
2013/04/24 15:48:41.708    30    31 G0   X Error 13 on ???, Req 59.0 (#15140 r41943143): BadGC (invalid GC parameter)
2013/04/24 15:48:41.709    30    31 G0   X Error 13 on ???, Req 60.0 (#15141 r41943143): BadGC (invalid GC parameter)
2013/04/24 15:48:41.709    30    31 G0   X Error 9 on ???, Req 55.0 (#15142 r41943143): BadDrawable (invalid Pixmap or Window parameter)
2013/04/24 15:48:41.709    30    31 G0   X Error 13 on ???, Req 59.0 (#15143 r41943143): BadGC (invalid GC parameter)
2013/04/24 15:48:41.709    30    31 G0   X Error 13 on ???, Req 59.0 (#15144 r41943143): BadGC (invalid GC parameter)
2013/04/24 15:48:41.710    30    31 G0   X Error 13 on ???, Req 60.0 (#15145 r41943143): BadGC (invalid GC parameter)
2013/04/24 15:48:41.710    30    31 G0   X Error 9 on ???, Req 55.0 (#15146 r41943143): BadDrawable (invalid Pixmap or Window parameter)
2013/04/24 15:48:41.710    30    31 G0   X Error 13 on ???, Req 59.0 (#15147 r41943143): BadGC (invalid GC parameter)
2013/04/24 15:48:41.710    30    31 G0   X Error 13 on ???, Req 59.0 (#15148 r41943143): BadGC (invalid GC parameter)
2013/04/24 15:48:41.711    30    31 G0   X Error 13 on ???, Req 60.0 (#15149 r41943143): BadGC (invalid GC parameter)
2013/04/24 15:48:41.711    30    31 G0   X Error 9 on ???, Req 55.0 (#15150 r41943143): BadDrawable (invalid Pixmap or Window parameter)
2013/04/24 15:48:41.711    30    31 G0   X Error 13 on ???, Req 59.0 (#15151 r41943143): BadGC (invalid GC parameter)
2013/04/24 15:48:41.711    30    31 G0   X Error 13 on ???, Req 59.0 (#15152 r41943143): BadGC (invalid GC parameter)
2013/04/24 15:48:41.712    30    31 G0   X Error 13 on ???, Req 60.0 (#15153 r41943143): BadGC (invalid GC parameter)
2013/04/24 15:48:41.712    30    31 G0   X Error 9 on ???, Req 55.0 (#15154 r41943143): BadDrawable (invalid Pixmap or Window parameter)
2013/04/24 15:48:41.712    30    31 G0   X Error 13 on ???, Req 59.0 (#15155 r41943143): BadGC (invalid GC parameter)
2013/04/24 15:48:41.712    30    31 G0   X Error 13 on ???, Req 59.0 (#15156 r41943143): BadGC (invalid GC parameter)
2013/04/24 15:48:41.713    30    31 G0   X Error 13 on ???, Req 60.0 (#15157 r41943143): BadGC (invalid GC parameter)
2013/04/24 15:48:41.713    30    31 G0   X Error 9 on ???, Req 55.0 (#15158 r41943143): BadDrawable (invalid Pixmap or Window parameter)
2013/04/24 15:48:41.713    30    31 G0   X Error 13 on ???, Req 59.0 (#15159 r41943143): BadGC (invalid GC parameter)
2013/04/24 15:48:41.713    30    31 G0   X Error 13 on ???, Req 59.0 (#15160 r41943143): BadGC (invalid GC parameter)
2013/04/24 15:48:41.714    30    31 G0   X Error 13 on ???, Req 60.0 (#15161 r41943143): BadGC (invalid GC parameter)
2013/04/24 15:48:41.714    30    31 G0   X Error 9 on ???, Req 55.0 (#15162 r41943143): BadDrawable (invalid Pixmap or Window parameter)
2013/04/24 15:48:41.714    30    31 G0   X Error 13 on ???, Req 59.0 (#15163 r41943143): BadGC (invalid GC parameter)
2013/04/24 15:48:41.714    30    31 G0   X Error 13 on ???, Req 59.0 (#15164 r41943143): BadGC (invalid GC parameter)
2013/04/24 15:48:41.714    30    31 G0   X Error 13 on ???, Req 60.0 (#15165 r41943143): BadGC (invalid GC parameter)
2013/04/24 15:48:41.715    30    31 G0   X Error 9 on ???, Req 55.0 (#15166 r41943143): BadDrawable (invalid Pixmap or Window parameter)
2013/04/24 15:48:41.715    30    31 G0   X Error 13 on ???, Req 59.0 (#15167 r41943143): BadGC (invalid GC parameter)
2013/04/24 15:48:41.715    30    31 G0   X Error 13 on ???, Req 59.0 (#15168 r41943143): BadGC (invalid GC parameter)
2013/04/24 15:48:41.715    30    31 G0   X Error 13 on ???, Req 60.0 (#15169 r41943143): BadGC (invalid GC parameter)
2013/04/24 15:48:41.716    30    31 G0   X Error 9 on ???, Req 55.0 (#15170 r41943143): BadDrawable (invalid Pixmap or Window parameter)
2013/04/24 15:48:41.716    30    31 G0   X Error 13 on ???, Req 59.0 (#15171 r41943143): BadGC (invalid GC parameter)
2013/04/24 15:48:41.716    30    31 G0   X Error 13 on ???, Req 59.0 (#15172 r41943143): BadGC (invalid GC parameter)
2013/04/24 15:48:41.719    30    31 G0   X Error 13 on ???, Req 56.0 (#15199 r33558381): BadGC (invalid GC parameter)
2013/04/24 15:48:41.719    30    31 G0   X Error 13 on ???, Req 56.0 (#15200 r33558381): BadGC (invalid GC parameter)
2013/04/24 15:48:41.719    30    31 G0   X Error 13 on ???, Req 60.0 (#15201 r33558381): BadGC (invalid GC parameter)
2013/04/24 15:48:49.593    30    31 G0   CAudCodecSpeex:: fpp is 4 
2013/04/24 15:48:49.594    30    31 G0   AudioDriver: Initializing Direct Sound 8
2013/04/24 15:48:49.595    30    43 G0   AudioDriver: Thread Running
2013/04/24 15:48:49.595    30    31 G0   AudioDriver: Direct Sound Initialized
2013/04/24 15:48:49.595    30    31 G0!! AudioDriver: Could not enumerate Direct Sound devices
2013/04/24 15:48:49.596    30    31 G0!! AudioDriver: Could not enumerate Direct Sound capture devices
2013/04/24 15:48:49.596    30    31 G0!! AudioDriver: Could not enumerate Direct Sound devices
2013/04/24 15:48:49.596    30    31 G0!! AudioDriver: Could not enumerate Direct Sound capture devices
2013/04/24 15:48:49.597    30    31 G0!! VoiceCapture: Failed to load mdmo.dll., Errorcode=126
2013/04/24 15:48:49.598    30    31 G0!! AudioDriver: Direct Sound Capture failed, HR=-2147024809
2013/04/24 15:48:49.598    30    31 G0   AudioCapture: No Wave Recording Devices found
2013/04/24 15:48:49.600    30    31 G0!! Audio: Could not open Input Mixer. EC 6
2013/04/24 15:48:49.600    30    31 G0!! Audio: Could not open Output Mixer. EC 6
2013/04/24 15:48:49.601    30    31 G0   AudioManager: Mixer Lines are -1 -1 -1 -1 -1 -1
2013/04/24 15:48:50.207    30    31 G0   Recorder: Terminated
2013/04/24 15:48:51.703    30    31 G0   AudioDriver: Initializing Direct Sound 8
2013/04/24 15:48:51.704    30    46 G0   AudioDriver: Thread Running
2013/04/24 15:48:51.705    30    31 G0   AudioDriver: Direct Sound Initialized
2013/04/24 15:48:51.705    30    31 G0!! AudioDriver: Could not enumerate Direct Sound devices
2013/04/24 15:48:51.706    30    31 G0!! AudioDriver: Could not enumerate Direct Sound capture devices
2013/04/24 15:50:12.319    30    32 G0   MessageLayer: Received and saved message with ID 6
2013/04/24 15:50:12.357    30    32 G0   MessageLayer: Received and saved message with ID 14
2013/04/24 15:50:12.874    30    32 G0   Received Control_InitIPC processtype=4
2013/04/24 15:50:12.666    47    49 D0   TeamViewerDesktop started, PID=47
2013/04/24 15:50:12.743    47    49 D0   X ErrorHandler org 7e362d39, def 7e218f20 cur 7de39f70
2013/04/24 15:50:12.750    47    49 D0   XTest extension: base 0, error 0, version 2.2
2013/04/24 15:50:12.751    47    49 D0   Wine: Wine DLL initialized
2013/04/24 15:50:12.751    47    49 D0   Wine: wine-1.5.19

2013/04/24 15:50:12.751    47    49 D0   Monitors: X11 Windowing System, \\.\DISPLAY1, 1440x900 (0,0), flags=21
2013/04/24 15:50:12.751    47    49 D0   Monitors: X11 Windowing System, \\.\DISPLAY1, 1920x1080 (0,-1080), flags=21
2013/04/24 15:50:12.752    47    49 D0!! VerifySignature() : WinVerifyTrust failed, result=2
2013/04/24 15:50:12.752    47    49 D0!! MachineHooks: Library not found
2013/04/24 15:50:12.752    47    49 D0   Opening local TCP connection to 127.0.0.1:5939
2013/04/24 15:50:12.753    47    49 D0   Local TCP connection established
2013/04/24 15:50:12.754    47    49 D0   Process ID:  L 30623 /  W 47
2013/04/24 15:50:12.850    47    49 D0   Received Control_InitIPC_Response processtype=1
2013/04/24 15:50:12.850    47    49 D0   Received Control_InitIPC_Response runningProcesses=7
2013/04/24 15:50:12.965    47    49 D0   Received Control_InitIPC_Response processtype=2
2013/04/24 15:50:12.965    47    49 D0   Control_InitIPC_Response: all processes 7 completely initialized
2013/04/24 15:50:13.101    47    49 D0   CInterProcess: Processing 9 commands
2013/04/24 15:50:13.101    47    49 D0   Connection incoming, sessionID = 1805762052
2013/04/24 15:50:13.102    47    51 D0   CLogin::run()
2013/04/24 15:50:13.102    47    51 D0   CLogin::NegotiateVersionServer()
2013/04/24 15:50:13.104    30    32 G0!! SetForegroundWindowForce: AttachThreadInput(TRUE) failed: 87, Errorcode=87
2013/04/24 15:50:13.114    30    32 G0!! SetForegroundWindowForce: AttachThreadInput(FALSE) failed: 87, Errorcode=87
2013/04/24 15:50:13.265    47    51 D0   CLogin::CheckIfConnectionIsAllowed()
2013/04/24 15:50:13.304    47    51 D0   CLogin::AuthenticateServer()
2013/04/24 15:50:13.456    47    51 D0   CLogin::run(): ConnectionMode == 1
2013/04/24 15:50:13.457    47    51 D0   CServerThread::Factory(PseudoSocket)
2013/04/24 15:50:13.459    47    51 D0   Default keyboard layout: 04090409
2013/04/24 15:50:13.460    47    51 D0   Default keyboard layout: 04090409
2013/04/24 15:50:13.462    47    51 D0   PseudoSocket set enabled from 1 to 1
2013/04/24 15:50:13.463    47    51 D0   CServer::ChangeToServermode: loggedin = 1, locked = 0
2013/04/24 15:50:13.466    47    51 D0   CParticipantManager::StartFullSynchronisation: session=1805762052, this=00B60FD8
2013/04/24 15:50:13.466    47    51 D0   WindowObserver::SessionStart: -1; type: 1
2013/04/24 15:50:13.467    47    54 D0   DesktopThread started, number of Cores: 4
2013/04/24 15:50:13.467    47    51 D0   CLogin::run() leave
2013/04/24 15:50:13.467    47    55 D0   ServerThread started
2013/04/24 15:50:13.468    47    55 D0   ServerThread: Waiting for ParticipantManager synchronization
2013/04/24 15:50:13.497    30    32 G0   DT: Sending InitSignal to DT 385953352
2013/04/24 15:50:13.498    30    32 G0   CParticipantManager::StartFullSynchronisation: session=1805762052, this=0168CD28
2013/04/24 15:50:13.499    30    32 G0   WindowObserverGUI::SessionStart: 1; type: 1
2013/04/24 15:50:13.691    47    49 D0   CParticipantManagerBase participant timyhahn (ID [735673559,1805762052]) was added with the role 3
2013/04/24 15:50:13.692    47    49 D0   New Participant added in CParticipantManager timyhahn ([735673559,1805762052])
2013/04/24 15:50:13.693    47    49 D0   CParticipantManagerBase participant Android (ID [472126345,2]) was added with the role 6
2013/04/24 15:50:13.693    47    49 D0   New Participant added in CParticipantManager Android ([472126345,2])
2013/04/24 15:50:13.694    47    49 D0   CParticipantManager::SynchronizationComplete: session=1805762052, this=00B60FD8
2013/04/24 15:50:13.694    47    55 D0   Resetting Cache. Cache disabled.
2013/04/24 15:50:13.730    30    32 G0   CParticipantManagerBase participant timyhahn (ID [735673559,1805762052]) was added with the role 3
2013/04/24 15:50:13.732    30    32 G0   New Participant added in CParticipantManager timyhahn ([735673559,1805762052])
2013/04/24 15:50:13.733    30    32 G0   CParticipantManagerBase participant Android (ID [472126345,2]) was added with the role 6
2013/04/24 15:50:13.733    30    32 G0   New Participant added in CParticipantManager Android ([472126345,2])
2013/04/24 15:50:13.734    30    32 G0   CParticipantManager::SynchronizationComplete: session=1805762052, this=0168CD28
2013/04/24 15:50:13.919    30    31 G0   DT: Sending InitSignal to DT 385953352
2013/04/24 15:50:13.927    47    55 D0   SendInfo() executed.
2013/04/24 15:50:13.968    47    55 D0   SendInfo() executed.
2013/04/24 15:50:14.086    30    32 G0   ServerThreadInfo connected to 472126345, client version is 8.0.1055F CL, OS=8209
2013/04/24 15:50:14.087    30    32 G0   ServerClientBaseGUI.RegisterDragDropStream: D&D disabled
2013/04/24 15:50:14.094    30    32 G0   ServerThreadInfo connected to 472126345, client version is 8.0.1055F CL, OS=8209
2013/04/24 15:50:14.095    30    32 G0   ServerClientBaseGUI.RegisterDragDropStream: D&D disabled
2013/04/24 15:50:14.096    47    55 D0   ServerThread connected to 472126345, client version is 8.0.1055F CL, OS=8209
2013/04/24 15:50:14.099    47    55 D0   DisplayQuality m=0, bpp=8, q=80, echo=-1, conRating=0, cpu=6804
2013/04/24 15:50:14.101    47    54 D0   InitDesktop monitor=0
2013/04/24 15:50:14.101    47    54 D0   using device \\.\DISPLAY1
2013/04/24 15:50:14.102    47    54 D0   ==== Open Desktop! ====
2013/04/24 15:50:14.103    47    54 D0   XFixes extension: base 87 error 140
2013/04/24 15:50:14.103    47    55 D0   ConnectionAccessSettings: RemoteControl: Allowed FileTransfer: Allowed ControlRemoteTV: Allowed SwitchSides: Allowed AllowDisableRemoteInput: Allowed AllowVPN: Allowed AllowPartnerViewDesktop: Allowed ShareMyFiles: Allowed ShareFilesWithMe: Allowed 
2013/04/24 15:50:14.103    47    54 D0   XDamage extension: base 91 error 151

2013/04/24 15:50:14.104    47    55 D0   ServerThread connected to 472126345, client version is 8.0.1055F CL, OS=8209
2013/04/24 15:50:14.104    47    54 D0   BPP_USED = 32, colors = 4294967296
2013/04/24 15:50:14.104    47    55 D0   DisplayQuality m=0, bpp=8, q=80, echo=-1, conRating=0, cpu=6804
2013/04/24 15:50:14.132    47    54 D0!!!CRASH: Access violation at 0xf7588368: Illegal write operation at 0x01AE2000 (Exception Code: 0xC0000005)
2013/04/24 15:50:14.149    47    55 D0   Resetting Cache. Cache disabled.
2013/04/24 15:50:14.388    47    54 D0!!!CRASH: Saved dump file to '/home/tim/.config/teamviewer8/logfiles/TeamViewer_Desktop_8_0_17147_20130424T155014.mdmp'
2013/04/24 15:50:24.591    47    55 D0   DisplayQuality m=0, bpp=32, q=80, echo=-1, conRating=2, cpu=6804
2013/04/24 15:50:57.470    30    32 G0   DragDropManager: Aborting 0 copy operations
2013/04/24 15:50:57.471    30    32 G0   SCB::SendRemoveParticipant: victim=[0,0], forceEndMeeting=0
2013/04/24 15:50:57.471    47    49 D0   Received Control_TerminateProcess
2013/04/24 15:50:57.472    30    32 G0   WindowObserverGUI::SessionEnded: 0
2013/04/24 15:50:57.478    47    55 D0   ServerThread to 472126345 finished
2013/04/24 15:50:57.478    47    55 D0   SessionEnded: 0
2013/04/24 15:50:57.490    47    48 D0   DesktopThread stopped
2013/04/24 15:50:57.490    47    48 D0   ==== Close Desktop! ====
2013/04/24 15:50:57.501    47    48 D0   DisableServerInput: 0
2013/04/24 15:50:57.501    47    48 D0   DisableServerInput: 0
2013/04/24 15:50:57.501    47    53 D0   quit ThreadProc
2013/04/24 15:50:57.503    47    48 D0   Server shutdown: remoteControlSessionPresent=1, fromLocal=0, autoLockOnSessionEnd=0
2013/04/24 15:50:57.503    47    49 D0   CTcpProcessConnector::HandleRead(): Socket gracefully closed (PID=30134)
2013/04/24 15:50:57.503    47    49 D0!  CInterProcess::EventFunction(): IPC-Connection Closed
2013/04/24 15:50:57.504    47    49 D0!! CTcpProcessConnector::CloseConnection(): Shutdown socket returned error 10058: Unknown error, Errorcode=317
2013/04/24 15:50:57.505    47    48 D0   Wine: Wine DLL freed
2013/04/24 15:51:21.917    30    32 G0   Received Control_InitIPC processtype=4
2013/04/24 15:51:21.738    57    59 D0   TeamViewerDesktop started, PID=57
2013/04/24 15:51:21.786    57    59 D0   X ErrorHandler org 7e362d39, def 7e218f20 cur 7de3df70
2013/04/24 15:51:21.794    57    59 D0   XTest extension: base 0, error 0, version 2.2
2013/04/24 15:51:21.795    57    59 D0   Wine: Wine DLL initialized
2013/04/24 15:51:21.795    57    59 D0   Wine: wine-1.5.19

2013/04/24 15:51:21.795    57    59 D0   Monitors: X11 Windowing System, \\.\DISPLAY1, 1440x900 (0,0), flags=21
2013/04/24 15:51:21.795    57    59 D0   Monitors: X11 Windowing System, \\.\DISPLAY1, 1920x1080 (0,-1080), flags=21
2013/04/24 15:51:21.797    57    59 D0!! VerifySignature() : WinVerifyTrust failed, result=2
2013/04/24 15:51:21.797    57    59 D0!! MachineHooks: Library not found
2013/04/24 15:51:21.799    57    59 D0   Opening local TCP connection to 127.0.0.1:5939
2013/04/24 15:51:21.800    57    59 D0   Local TCP connection established
2013/04/24 15:51:21.801    57    59 D0   Process ID:  L 30719 /  W 57
2013/04/24 15:51:21.897    57    59 D0   Received Control_InitIPC_Response processtype=1
2013/04/24 15:51:21.897    57    59 D0   Received Control_InitIPC_Response runningProcesses=7
2013/04/24 15:51:21.980    57    59 D0   Received Control_InitIPC_Response processtype=2
2013/04/24 15:51:21.980    57    59 D0   Control_InitIPC_Response: all processes 7 completely initialized
2013/04/24 15:51:22.106    57    59 D0   CInterProcess: Processing 2 commands
2013/04/24 15:51:22.106    57    59 D0   Connection incoming, sessionID = 1063957081
2013/04/24 15:51:22.106    57    61 D0   CLogin::run()
2013/04/24 15:51:22.107    57    61 D0   CLogin::NegotiateVersionServer()
2013/04/24 15:51:22.108    30    32 G0!! SetForegroundWindowForce: AttachThreadInput(TRUE) failed: 87, Errorcode=87
2013/04/24 15:51:22.117    30    32 G0!! SetForegroundWindowForce: AttachThreadInput(FALSE) failed: 87, Errorcode=87
2013/04/24 15:51:22.290    57    61 D0   CLogin::CheckIfConnectionIsAllowed()
2013/04/24 15:51:22.331    57    61 D0   CLogin::AuthenticateServer()
2013/04/24 15:51:33.340    57    61 D0   CLogin::run(): ConnectionMode == 1
2013/04/24 15:51:33.340    57    61 D0   CServerThread::Factory(PseudoSocket)
2013/04/24 15:51:33.341    57    61 D0   Default keyboard layout: 04090409
2013/04/24 15:51:33.341    57    61 D0   Default keyboard layout: 04090409
2013/04/24 15:51:33.343    57    61 D0   PseudoSocket set enabled from 1 to 1
2013/04/24 15:51:33.343    57    61 D0   CServer::ChangeToServermode: loggedin = 1, locked = 0
2013/04/24 15:51:33.343    57    61 D0   CParticipantManager::StartFullSynchronisation: session=1063957081, this=00A47648
2013/04/24 15:51:33.343    57    61 D0   WindowObserver::SessionStart: -1; type: 1
2013/04/24 15:51:33.344    57    64 D0   DesktopThread started, number of Cores: 4
2013/04/24 15:51:33.344    57    61 D0   CLogin::run() leave
2013/04/24 15:51:33.345    57    65 D0   ServerThread started
2013/04/24 15:51:33.345    57    65 D0   ServerThread: Waiting for ParticipantManager synchronization
2013/04/24 15:51:33.397    30    32 G0   DT: Sending InitSignal to DT 2050928765
2013/04/24 15:51:33.398    30    32 G0   CParticipantManager::StartFullSynchronisation: session=1063957081, this=016995C8
2013/04/24 15:51:33.399    30    32 G0   WindowObserverGUI::SessionStart: 1; type: 1
2013/04/24 15:51:33.433    57    59 D0   CParticipantManagerBase participant timyhahn (ID [735673559,1063957081]) was added with the role 3
2013/04/24 15:51:33.434    57    59 D0   New Participant added in CParticipantManager timyhahn ([735673559,1063957081])
2013/04/24 15:51:33.434    57    59 D0   CParticipantManagerBase participant Android (ID [472126345,4]) was added with the role 6
2013/04/24 15:51:33.434    57    59 D0   New Participant added in CParticipantManager Android ([472126345,4])
2013/04/24 15:51:33.435    57    59 D0   CParticipantManager::SynchronizationComplete: session=1063957081, this=00A47648
2013/04/24 15:51:33.435    57    65 D0   Resetting Cache. Cache disabled.
2013/04/24 15:51:33.436    30    32 G0   CParticipantManagerBase participant timyhahn (ID [735673559,1063957081]) was added with the role 3
2013/04/24 15:51:33.437    30    32 G0   New Participant added in CParticipantManager timyhahn ([735673559,1063957081])
2013/04/24 15:51:33.438    30    32 G0   CParticipantManagerBase participant Android (ID [472126345,4]) was added with the role 6
2013/04/24 15:51:33.438    30    32 G0   New Participant added in CParticipantManager Android ([472126345,4])
2013/04/24 15:51:33.438    30    32 G0   CParticipantManager::SynchronizationComplete: session=1063957081, this=016995C8
2013/04/24 15:51:33.710    30    31 G0   DT: Sending InitSignal to DT 2050928765
2013/04/24 15:51:33.755    57    65 D0   SendInfo() executed.
2013/04/24 15:51:33.795    57    65 D0   SendInfo() executed.
2013/04/24 15:51:33.920    30    32 G0   ServerThreadInfo connected to 472126345, client version is 8.0.1055F CL, OS=8209
2013/04/24 15:51:33.921    30    32 G0   ServerClientBaseGUI.RegisterDragDropStream: D&D disabled
2013/04/24 15:51:33.922    30    32 G0   ServerThreadInfo connected to 472126345, client version is 8.0.1055F CL, OS=8209
2013/04/24 15:51:33.922    30    32 G0   ServerClientBaseGUI.RegisterDragDropStream: D&D disabled
2013/04/24 15:51:33.930    57    65 D0   ServerThread connected to 472126345, client version is 8.0.1055F CL, OS=8209
2013/04/24 15:51:33.934    57    65 D0   DisplayQuality m=0, bpp=8, q=80, echo=-1, conRating=0, cpu=6804
2013/04/24 15:51:33.935    57    65 D0   ConnectionAccessSettings: RemoteControl: Allowed FileTransfer: Allowed ControlRemoteTV: Allowed SwitchSides: Allowed AllowDisableRemoteInput: Allowed AllowVPN: Allowed AllowPartnerViewDesktop: Allowed ShareMyFiles: Allowed ShareFilesWithMe: Allowed 
2013/04/24 15:51:33.935    57    64 D0   InitDesktop monitor=0
2013/04/24 15:51:33.935    57    64 D0   using device \\.\DISPLAY1
2013/04/24 15:51:33.935    57    65 D0   ServerThread connected to 472126345, client version is 8.0.1055F CL, OS=8209
2013/04/24 15:51:33.936    57    64 D0   ==== Open Desktop! ====
2013/04/24 15:51:33.936    57    65 D0   DisplayQuality m=0, bpp=8, q=80, echo=-1, conRating=0, cpu=6804
2013/04/24 15:51:33.937    57    64 D0   XFixes extension: base 87 error 140
2013/04/24 15:51:33.938    57    64 D0   XDamage extension: base 91 error 151

2013/04/24 15:51:33.938    57    64 D0   BPP_USED = 32, colors = 4294967296
2013/04/24 15:51:33.963    57    64 D0!!!CRASH: Access violation at 0xf750a368: Illegal write operation at 0x01AE2000 (Exception Code: 0xC0000005)
2013/04/24 15:51:33.988    57    65 D0   Resetting Cache. Cache disabled.
2013/04/24 15:51:34.259    57    64 D0!!!CRASH: Saved dump file to '/home/tim/.config/teamviewer8/logfiles/TeamViewer_Desktop_8_0_17147_20130424T155133.mdmp'
2013/04/24 15:51:44.972    57    65 D0   DisplayQuality m=0, bpp=32, q=80, echo=-1, conRating=2, cpu=6804
2013/04/24 15:52:01.828    30    32 G0   DragDropManager: Aborting 0 copy operations
2013/04/24 15:52:01.828    30    32 G0   SCB::SendRemoveParticipant: victim=[0,0], forceEndMeeting=0
2013/04/24 15:52:01.828    57    59 D0   Received Control_TerminateProcess
2013/04/24 15:52:01.829    30    32 G0   WindowObserverGUI::SessionEnded: 0
2013/04/24 15:52:01.833    57    65 D0   ServerThread to 472126345 finished
2013/04/24 15:52:01.834    57    65 D0   SessionEnded: 0
2013/04/24 15:52:01.836    57    58 D0   DesktopThread stopped
2013/04/24 15:52:01.837    57    58 D0   ==== Close Desktop! ====
2013/04/24 15:52:01.840    57    58 D0   DisableServerInput: 0
2013/04/24 15:52:01.840    57    58 D0   DisableServerInput: 0
2013/04/24 15:52:01.840    57    63 D0   quit ThreadProc
2013/04/24 15:52:01.841    57    58 D0   Server shutdown: remoteControlSessionPresent=1, fromLocal=0, autoLockOnSessionEnd=0
2013/04/24 15:52:01.881    57    59 D0   CTcpProcessConnector::HandleRead(): Socket gracefully closed (PID=30134)
2013/04/24 15:52:01.881    57    59 D0!  CInterProcess::EventFunction(): IPC-Connection Closed
2013/04/24 15:52:01.882    57    59 D0!! CTcpProcessConnector::CloseConnection(): Shutdown socket returned error 10058: Unknown error, Errorcode=317
2013/04/24 15:52:01.885    57    58 D0   Wine: Wine DLL freed
2013/04/24 15:58:10.770    30    31 G0   CBuddyWindow::OnTimer(): System has become idle. TimeUntilIdle: 300000
2013/04/24 16:10:30.773    30    31 G0   CBuddyWindow::OnTimer(): System is back to active
2013/04/24 16:15:30.776    30    31 G0   CBuddyWindow::OnTimer(): System has become idle. TimeUntilIdle: 300000
2013/04/24 18:17:42.778    30    31 G0   CBuddyWindow::OnTimer(): System is back to active
2013/04/24 18:22:44.780    30    31 G0   CBuddyWindow::OnTimer(): System has become idle. TimeUntilIdle: 300000
2013/04/24 18:29:26.782    30    31 G0   CBuddyWindow::OnTimer(): System is back to active
2013/04/24 18:34:26.785    30    31 G0   CBuddyWindow::OnTimer(): System has become idle. TimeUntilIdle: 300000
2013/04/24 20:05:45.887    30    31 G0   CMainWindow::ShouldShowDynamicPassword(): dynPw=1 allowIncoming=1 id=735673559 ka=0 lanAllowed=0 lanOnly=0 networkState=1
2013/04/24 20:05:57.178    30    32 G0   CBuddyClientSend::LoginAccountChallenge: Try V2Login
2013/04/24 20:05:57.329    30    32 G0   CBuddyClientReceive::ReceivedLoginResponse: Login with V2 Account
2013/04/24 20:05:57.427    30    32 G0   Account Login complete, inCompany = 0, with rights 0
2013/04/24 20:19:27.433    30    31 G0   CBuddyWindow::OnTimer(): System is back to active
2013/04/24 20:19:37.445    30    31 G0!! BuddyList: Response timeout reached. Missing responses (1): 33, 
2013/04/24 20:19:47.456    30    31 G0!! BuddyList: Response timeout reached. Missing responses (1): 18, 
2013/04/24 20:22:22.652    30    31 G0   CMainWindow::ShouldShowDynamicPassword(): dynPw=1 allowIncoming=1 id=735673559 ka=0 lanAllowed=0 lanOnly=0 networkState=1
2013/04/24 20:22:23.013    30    32 G0   CBuddyClientSend::LoginAccountChallenge: Try V2Login
2013/04/24 20:22:23.267    30    32 G0   CBuddyClientReceive::ReceivedLoginResponse: Login with V2 Account
2013/04/24 20:22:23.373    30    32 G0   Account Login complete, inCompany = 0, with rights 0
2013/04/24 20:24:27.380    30    31 G0   CBuddyWindow::OnTimer(): System has become idle. TimeUntilIdle: 300000
2013/04/24 23:31:07.382    30    31 G0   CBuddyWindow::OnTimer(): System is back to active
2013/04/25 08:53:52.765    30    31 G0   CBuddyWindow::OnTimer(): System has become idle. TimeUntilIdle: 300000
2013/04/25 08:54:02.774    30    31 G0!! BuddyList: Response timeout reached. Missing responses (1): 33, 
2013/04/25 08:54:05.812    30    31 G0   CMainWindow::ShouldShowDynamicPassword(): dynPw=1 allowIncoming=1 id=735673559 ka=0 lanAllowed=0 lanOnly=0 networkState=1
2013/04/25 08:54:12.781    30    31 G0!! BuddyList: Response timeout reached. Missing responses (1): 18, 
2013/04/25 08:54:16.967    30    32 G0   CBuddyClientSend::LoginAccountChallenge: Try V2Login
2013/04/25 08:54:17.108    30    32 G0   CBuddyClientReceive::ReceivedLoginResponse: Login with V2 Account
2013/04/25 08:54:17.217    30    32 G0   Account Login complete, inCompany = 0, with rights 0
2013/04/25 09:10:53.222    30    31 G0   CBuddyWindow::OnTimer(): System is back to active
2013/04/25 09:15:53.224    30    31 G0   CBuddyWindow::OnTimer(): System has become idle. TimeUntilIdle: 300000
2013/04/25 09:55:55.242    30    31 G0   CMainWindow::ShouldShowDynamicPassword(): dynPw=1 allowIncoming=1 id=735673559 ka=0 lanAllowed=0 lanOnly=0 networkState=1
2013/04/25 09:56:27.069    30    32 G0   CBuddyClientSend::LoginAccountChallenge: Try V2Login
2013/04/25 09:56:27.309    30    32 G0   CBuddyClientReceive::ReceivedLoginResponse: Login with V2 Account
2013/04/25 09:56:27.407    30    32 G0   Account Login complete, inCompany = 0, with rights 0
2013/04/25 10:32:39.413    30    31 G0   CBuddyWindow::OnTimer(): System is back to active
2013/04/25 16:17:52.789    30    31 G0   CBuddyWindow::OnTimer(): System has become idle. TimeUntilIdle: 300000
2013/04/25 16:18:02.791    30    31 G0!! BuddyList: Response timeout reached. Missing responses (1): 33, 
2013/04/25 16:18:05.811    30    31 G0   CMainWindow::ShouldShowDynamicPassword(): dynPw=1 allowIncoming=1 id=735673559 ka=0 lanAllowed=0 lanOnly=0 networkState=1
2013/04/25 16:18:12.798    30    31 G0!! BuddyList: Response timeout reached. Missing responses (1): 18, 
2013/04/25 16:18:16.945    30    32 G0   CBuddyClientSend::LoginAccountChallenge: Try V2Login
2013/04/25 16:18:17.191    30    32 G0   CBuddyClientReceive::ReceivedLoginResponse: Login with V2 Account
2013/04/25 16:18:17.294    30    32 G0   Account Login complete, inCompany = 0, with rights 0
2013/04/25 16:26:55.303    30    31 G0   CBuddyWindow::OnTimer(): System is back to active
2013/04/25 16:31:57.306    30    31 G0   CBuddyWindow::OnTimer(): System has become idle. TimeUntilIdle: 300000
2013/07/16 10:32:25.021     8     9 G0   X ErrorHandler org 7e004d39, def 7debaf20 cur 7da7bf70
2013/07/16 10:32:25.028     8     9 G0   XTest extension: base 0, error 0, version 2.2
2013/07/16 10:32:25.029     8     9 G0   Wine: Wine DLL initialized
2013/07/16 10:32:25.029     8     9 G0   Wine: wine-1.5.19

2013/07/16 10:32:25.031     8     9 G0   Monitors: X11 Windowing System, \\.\DISPLAY1, 1440x900 (0,0), flags=21
2013/07/16 10:32:25.036     8     9 G0!  Service is installed but not running
2013/07/16 10:32:25.046     8     9 G0!! CSettings::LoadAll() load from storage exception: Couldn't find Registry Key, Errorcode=183
2013/07/16 10:32:25.046     8     9 G0   UpdateOnlineState newOnlineValue 0
2013/07/16 10:32:25.051     8     9 G0   Generating new RSA private/public key pair
2013/07/16 10:32:25.080     8     9 G0!! QueryVPNRegKey: Could not find registry key for network adapters.
2013/07/16 10:32:25.090     8     9 G0!! VerifySignature() : WinVerifyTrust failed, result=2, Errorcode=2
2013/07/16 10:32:25.090     8     9 G0!! MachineHooks: Library not found, Errorcode=2
2013/07/16 10:32:37.443     8     9 G0   Wine: Wine DLL freed
2013/07/16 10:32:37.443     8     9 G0   TrayIcon HWND does not exist!
2013/07/16 10:32:37.514    20    21 G0   X ErrorHandler org 7e011d39, def 7dec7f20 cur 7da7ef70
2013/07/16 10:32:37.522    20    21 G0   XTest extension: base 0, error 0, version 2.2
2013/07/16 10:32:37.523    20    21 G0   Wine: Wine DLL initialized
2013/07/16 10:32:37.523    20    21 G0   Wine: wine-1.5.19

2013/07/16 10:32:37.525    20    21 G0   Monitors: X11 Windowing System, \\.\DISPLAY1, 1440x900 (0,0), flags=21
2013/07/16 10:32:37.526    20    21 G0   Opening local TCP connection to 127.0.0.1:5939
2013/07/16 10:32:37.526    20    21 G0   Local TCP connection established
2013/07/16 10:32:37.527    20    21 G0   Process ID:  L 13844 /  W 20
2013/07/16 10:32:37.619    20    21 G0   Received Control_InitIPC_Response processtype=1
2013/07/16 10:32:37.619    20    21 G0   Received Control_InitIPC_Response runningProcesses=3
2013/07/16 10:32:37.619    20    21 G0   InterProcess: Sending 3 queued control commands
2013/07/16 10:32:37.619    20    21 G0   Control_InitIPC_Response: all processes 3 completely initialized
2013/07/16 10:32:37.625    20    21 G0!! VerifySignature() : WinVerifyTrust failed, result=2, Errorcode=2
2013/07/16 10:32:37.625    20    21 G0!! MachineHooks: Library not found, Errorcode=2
2013/07/16 10:32:37.708    20    21 G0   X Error 8 on ???, Req 42.0 (#259 r56623111): BadMatch (invalid parameter attributes)
2013/07/16 10:32:37.816    20    21 G0!! DragDropRegistration: could not register window, HR=-2147221163
2013/07/16 10:32:37.835    20    23 G0   ProxySearch: no PAC script detected via WPAD
2013/07/16 10:32:37.878    20    21 G0   Tray created!
2013/07/16 10:32:37.880    20    22 G0   CInterProcess: Processing 1 commands
2013/07/16 10:32:37.887    20    21 G0   P_FORCE_WINSTATE_ONCE = WinState_Undefined
2013/07/16 10:32:37.891    20    21 G0   API: The API is not registered with Windows.
2013/07/16 10:32:37.917    20    22 G0   CTVUpdate::StartVersionFileDownloadWithCallback(): Start download of version file...
2013/07/16 10:32:37.925    20    21 G0   X Error 3 on ???, Req 2.0 (#1576 r56623113): BadWindow (invalid Window parameter)
2013/07/16 10:32:37.954    20    23 G0   ProxySearch: no PAC script detected via WPAD
2013/07/16 10:32:38.010    20    22 G0   MessageLayer: Received and saved message with ID 7
2013/07/16 10:32:38.010    20    22 G0   MessageLayer: Received and saved message with ID 1
2013/07/16 10:32:38.101    20    22 G0   MessageLayer: Received and saved message with ID 4
2013/07/16 10:32:38.101    20    22 G0   MessageLayer: Received and saved message with ID 5
2013/07/16 10:32:38.102    20    22 G0   CBuddyClientSend::LoginAccountChallenge: Try V2Login
2013/07/16 10:32:38.235    20    22 G0   CBuddyClientReceive::ReceivedLoginResponse: Login with V2 Account
2013/07/16 10:32:38.326    20    22 G0   Account Login complete, inCompany = 0, with rights 0
2013/07/16 10:32:38.329    20    22 G0!  Can't create/delete tray icon.
2013/07/16 10:36:46.464    20    21 G0   Trying connection to 116968025, mode = 1
2013/07/16 10:36:46.469    20    28 G0   CLogin::run()
2013/07/16 10:36:46.692    20    28 G0   CLoginClient::NegotiateVersionClient()
2013/07/16 10:36:49.310    20    22 G0   MessageLayer: Received and saved message with ID 6
2013/07/16 10:36:49.350    20    22 G0   MessageLayer: Received and saved message with ID 14
2013/07/16 10:36:49.571    20    28 G0   CLoginClient::AuthenticateClient()
2013/07/16 10:36:56.630    20    28 G0   RA: RemoteAudioReceiver::Factory started
2013/07/16 10:36:56.632    20    28 G0!! Audio: Could not open Input Mixer. EC 6
2013/07/16 10:36:56.632    20    28 G0!! Audio: Could not open Output Mixer. EC 6
2013/07/16 10:36:56.633    20    28 G0   AudioManager: Mixer Lines are -1 -1 -1 -1 -1 -1
2013/07/16 10:36:56.633    20    28 G0   Default keyboard layout: 04090409
2013/07/16 10:36:56.642    20    21 G0   X Error 8 on ???, Req 42.0 (#633 r56623117): BadMatch (invalid parameter attributes)
2013/07/16 10:36:56.644    20    21 G0   X Error 8 on ???, Req 42.0 (#663 r56623118): BadMatch (invalid parameter attributes)
2013/07/16 10:36:56.659    20    21 G0   Local display is 1440x900
2013/07/16 10:36:56.660    20    21 G0   X Error 8 on ???, Req 42.0 (#693 r56623119): BadMatch (invalid parameter attributes)
2013/07/16 10:36:56.662    20    21 G0   X Error 8 on ???, Req 42.0 (#751 r56623121): BadMatch (invalid parameter attributes)
2013/07/16 10:36:56.666    20    28 G0   Client: RemoteDesktop 01685150 created (id = 0)
2013/07/16 10:36:56.667    20    28 G0   PseudoSocket set enabled from 1 to 1
2013/07/16 10:36:56.667    20    28 G0   CParticipantManager::StartFullSynchronisation: session=-515267843, this=01681A90
2013/07/16 10:36:56.667    20    32 G0   ClientThread started
2013/07/16 10:36:56.668    20    28 G0   CLogin::run() leave
2013/07/16 10:36:56.668    20    32 G0   ClientThread: Waiting for ParticipantManager synchronization
2013/07/16 10:36:56.673    20    22 G0   CParticipantManagerBase participant timyhahn (ID [735673559,-515267843]) was added with the role 6
2013/07/16 10:36:56.673    20    22 G0   New Participant added in CParticipantManager timyhahn ([735673559,-515267843])
2013/07/16 10:36:56.673    20    22 G0   ClientSessionrecorder: Autostart recording function called but not activated.
2013/07/16 10:36:56.676    20    22 G0   CParticipantManager::SynchronizationComplete: session=-515267843, this=01681A90
2013/07/16 10:36:56.685    20    22 G0   CParticipantManagerBase participant  (ID [116968025,392812126]) was added with the role 3
2013/07/16 10:36:56.685    20    22 G0   New Participant added in CParticipantManager  ([116968025,392812126])
2013/07/16 10:36:56.685    20    22 G0   ClientSessionrecorder: Autostart recording function called but not activated.
2013/07/16 10:36:56.731    20    22 G0   CParticipantManagerBase::CheckAndSubscribeNewStream(): Subscribe stream now streamID=1 type=5 required=1 supported=1
2013/07/16 10:36:56.818    20    22 G0   CParticipantManagerBase InteractionDefaults arrived : CInteractionDefaults = (0) [ 0,2,0,0,2,0,0]
2013/07/16 10:36:56.943    20    32 G0   DT: Sending InitSignal to DT 2086226946
2013/07/16 10:36:56.943    20    32 G0!! DT: CDataTransceiverManager: An unexpected DataTransceiverID collision occured.
2013/07/16 10:36:56.949    20    32 G0!! DT: CDataTransceiverManager: An unexpected DataTransceiverID collision occured.
2013/07/16 10:36:57.062    20    32 G0   Client connection to 116968025, server version is 8.0.19617 QS, OS=14 Participant=[116968025,392812126]
2013/07/16 10:36:57.062    20    32 G0   ServerClientBaseGUI.RegisterDragDropStream: D&D disabled
2013/07/16 10:36:57.062    20    32 G0   CClient::SendInfo, resolution settings: mode = 1, width = 0, height = 0, selected monitor = 0
2013/07/16 10:36:57.063    20    32 G0   ConnectionAccessSettings: CAccessControl: RemoteControl: Allowed FileTransfer: Allowed ControlRemoteTV: Allowed SwitchSides: Allowed AllowDisableRemoteInput: Allowed AllowVPN: Allowed AllowPartnerViewDesktop: Allowed ShareMyFiles: Allowed ShareFilesWithMe: Allowed PrintOnMyPrinters: Allowed PrintOnRemotePrinters: Allowed
2013/07/16 10:36:57.090    20    21 G0   DT: Sending InitSignal to DT 2086226946
2013/07/16 10:36:57.142    20    32 G0   Client connection to 116968025, server version is 8.0.19617 QS, OS=14 Participant=[116968025,392812126]
2013/07/16 10:36:57.142    20    32 G0   ServerClientBaseGUI.RegisterDragDropStream: D&D disabled
2013/07/16 10:36:57.143    20    32 G0   CClient::SendInfo, resolution settings: mode = 1, width = 0, height = 0, selected monitor = 0
2013/07/16 10:36:57.538    20    22 G0   RemoteDesktop 01685150: StreamID=6
2013/07/16 10:36:57.721    20    32 G0   Server display is 1368x768x8, quali=100, monitors=0/1, sw=0, tilsize=0
2013/07/16 10:36:57.722    20    32 G0   Compress: Caching active, partners version is 2, own version is 2
2013/07/16 10:36:58.206    20    32 G0   RA: Audio client initiated with [ch = 1, sr = 48000]
2013/07/16 10:36:58.206    20    32 G0   AudioDriver: Initializing Direct Sound 8
2013/07/16 10:36:58.210    20    33 G0   AudioDriver: Thread Running
2013/07/16 10:36:58.210    20    32 G0   AudioDriver: Direct Sound Initialized
2013/07/16 10:36:58.211    20    32 G0!! AudioDriver: Could not enumerate Direct Sound devices
2013/07/16 10:36:58.211    20    32 G0!! AudioDriver: Could not enumerate Direct Sound capture devices
2013/07/16 10:36:58.211    20    32 G0!! AudioDriver: Could not enumerate Direct Sound devices
2013/07/16 10:36:58.211    20    32 G0!! AudioDriver: Direct Sound failed
2013/07/16 10:36:58.211    20    32 G0   AudBuffer: No Wave Playback Devices found
2013/07/16 10:37:07.735    20    32 G0   Server display is 1366x768x32, quali=80, monitors=0/1, sw=0, tilsize=64
2013/07/16 10:37:21.291    20    32 G0   Server display is 1366x768x32, quali=80, monitors=0/1, sw=0, tilsize=64
2013/07/16 10:37:43.017    20    32 G0   Server display is 1366x768x32, quali=80, monitors=0/1, sw=0, tilsize=64
2013/07/16 10:38:15.933    20    21 G0   SCB::SendRemoveParticipant: victim=[0,0], forceEndMeeting=0
2013/07/16 10:38:15.934    20    21 G0   Connection closed by user
2013/07/16 10:39:18.052    20    21 G0!! MainWindow.OnDestroy: WTSUnRegisterSessionNotification failed with error 0
2013/07/16 10:39:18.052    20    21 G0   Closing TeamViewer
2013/07/16 10:39:18.079    20    21 G0   Wine: Wine DLL freed
2013/07/16 10:39:18.081    20    22 G0   CTcpProcessConnector::HandleRead(): Socket gracefully closed (PID=13798)
2013/07/16 10:39:18.081    20    22 G0!  CInterProcess::EventFunction(): IPC-Connection Closed
2013/07/16 10:39:18.082    20    22 G0!! CTcpProcessConnector::CloseConnection(): Shutdown socket returned error 10058: Unknown error, Errorcode=317
2013/07/16 15:00:42.383     8     9 G0   X ErrorHandler org 7dfc3d39, def 7de8bf20 cur 7d95cf70
2013/07/16 15:00:42.392     8     9 G0   XTest extension: base 0, error 0, version 2.2
2013/07/16 15:00:42.392     8     9 G0   Wine: Wine DLL initialized
2013/07/16 15:00:42.392     8     9 G0   Wine: wine-1.5.19

2013/07/16 15:00:42.394     8     9 G0   Monitors: X11 Windowing System, \\.\DISPLAY1, 1440x900 (0,0), flags=21
2013/07/16 15:00:42.397     8     9 G0   Opening local TCP connection to 127.0.0.1:5939
2013/07/16 15:00:42.397     8     9 G0   Local TCP connection established
2013/07/16 15:00:42.417     8     9 G0   Process ID:  L 4486 /  W 8
2013/07/16 15:00:42.511     8     9 G0   Received Control_InitIPC_Response processtype=1
2013/07/16 15:00:42.511     8     9 G0   Received Control_InitIPC_Response runningProcesses=3
2013/07/16 15:00:42.511     8     9 G0   InterProcess: Sending 3 queued control commands
2013/07/16 15:00:42.511     8     9 G0   Control_InitIPC_Response: all processes 3 completely initialized
2013/07/16 15:00:42.527     8     9 G0!! VerifySignature() : WinVerifyTrust failed, result=2, Errorcode=2
2013/07/16 15:00:42.527     8     9 G0!! MachineHooks: Library not found, Errorcode=2
2013/07/16 15:00:42.611     8     9 G0   X Error 8 on ???, Req 42.0 (#259 r33554439): BadMatch (invalid parameter attributes)
2013/07/16 15:00:42.721     8     9 G0!! DragDropRegistration: could not register window, HR=-2147221163
2013/07/16 15:00:42.786     8     9 G0   Tray created!
2013/07/16 15:00:42.789     8    18 G0   CInterProcess: Processing 1 commands
2013/07/16 15:00:42.836     8     9 G0   P_FORCE_WINSTATE_ONCE = WinState_Undefined
2013/07/16 15:00:42.843     8     9 G0   API: The API is not registered with Windows.
2013/07/16 15:00:42.860     8     9 G0   X Error 3 on ???, Req 2.0 (#1721 r33554441): BadWindow (invalid Window parameter)
2013/07/16 15:00:42.948     8    18 G0   MessageLayer: Received and saved message with ID 7
2013/07/16 15:00:42.988     8    19 G0   ProxySearch: no PAC script detected via WPAD
2013/07/16 15:00:43.061     8    18 G0   MessageLayer: Received and saved message with ID 1
2013/07/16 15:00:43.062     8    18 G0   MessageLayer: Received and saved message with ID 4
2013/07/16 15:00:43.179     8    18 G0   MessageLayer: Received and saved message with ID 5
2013/07/16 15:00:43.201     8    18 G0   CBuddyClientSend::LoginAccountChallenge: Try V2Login
2013/07/16 15:00:43.518     8    18 G0   CBuddyClientReceive::ReceivedLoginResponse: Login with V2 Account
2013/07/16 15:00:43.614     8    18 G0   Account Login complete, inCompany = 0, with rights 0
2013/07/16 15:00:43.625     8    18 G0!  Can't create/delete tray icon.
2013/07/16 15:00:48.483     8    19 G0   ProxySearch: no PAC script detected via WPAD
2013/07/16 15:01:36.819     8     9 G0   X Error 3 on ???, Req 2.0 (#2925 r33554442): BadWindow (invalid Window parameter)
2013/07/16 15:02:38.661     8     9 G0   Trying connection to 116968025, mode = 1
2013/07/16 15:02:38.665     8    22 G0   CLogin::run()
2013/07/16 15:02:39.355     8    22 G0   CLoginClient::NegotiateVersionClient()
2013/07/16 15:02:41.131     8    18 G0   MessageLayer: Received and saved message with ID 6
2013/07/16 15:02:41.169     8    18 G0   MessageLayer: Received and saved message with ID 14
2013/07/16 15:02:41.174     8    22 G0   CLoginClient::AuthenticateClient()
2013/07/16 15:02:44.146     8    22 G0   RA: RemoteAudioReceiver::Factory started
2013/07/16 15:02:44.151     8    22 G0!! Audio: Could not open Input Mixer. EC 6
2013/07/16 15:02:44.151     8    22 G0!! Audio: Could not open Output Mixer. EC 6
2013/07/16 15:02:44.152     8    22 G0   AudioManager: Mixer Lines are -1 -1 -1 -1 -1 -1
2013/07/16 15:02:44.152     8    22 G0   Default keyboard layout: 04090409
2013/07/16 15:02:44.159     8     9 G0   X Error 8 on ???, Req 42.0 (#590 r33554444): BadMatch (invalid parameter attributes)
2013/07/16 15:02:44.160     8     9 G0   X Error 8 on ???, Req 42.0 (#620 r33554445): BadMatch (invalid parameter attributes)
2013/07/16 15:02:44.174     8     9 G0   Local display is 1440x900
2013/07/16 15:02:44.175     8     9 G0   X Error 8 on ???, Req 42.0 (#650 r33554446): BadMatch (invalid parameter attributes)
2013/07/16 15:02:44.177     8     9 G0   X Error 8 on ???, Req 42.0 (#708 r33554448): BadMatch (invalid parameter attributes)
2013/07/16 15:02:44.183     8    22 G0   Client: RemoteDesktop 01684500 created (id = 0)
2013/07/16 15:02:44.183     8    22 G0   PseudoSocket set enabled from 1 to 1
2013/07/16 15:02:44.183     8    22 G0   CParticipantManager::StartFullSynchronisation: session=-15127785, this=01669338
2013/07/16 15:02:44.183     8    26 G0   ClientThread started
2013/07/16 15:02:44.183     8    26 G0   ClientThread: Waiting for ParticipantManager synchronization
2013/07/16 15:02:44.184     8    22 G0   CLogin::run() leave
2013/07/16 15:02:44.189     8    18 G0   CParticipantManagerBase participant timyhahn (ID [735673559,-15127785]) was added with the role 6
2013/07/16 15:02:44.190     8    18 G0   New Participant added in CParticipantManager timyhahn ([735673559,-15127785])
2013/07/16 15:02:44.190     8    18 G0   ClientSessionrecorder: Autostart recording function called but not activated.
2013/07/16 15:02:44.193     8    18 G0   CParticipantManager::SynchronizationComplete: session=-15127785, this=01669338
2013/07/16 15:02:44.200     8    18 G0   CParticipantManagerBase participant  (ID [116968025,1970000089]) was added with the role 3
2013/07/16 15:02:44.200     8    18 G0   New Participant added in CParticipantManager  ([116968025,1970000089])
2013/07/16 15:02:44.200     8    18 G0   ClientSessionrecorder: Autostart recording function called but not activated.
2013/07/16 15:02:44.246     8    18 G0   CParticipantManagerBase::CheckAndSubscribeNewStream(): Subscribe stream now streamID=1 type=5 required=1 supported=1
2013/07/16 15:02:45.322     8    18 G0   CParticipantManagerBase InteractionDefaults arrived : CInteractionDefaults = (0) [ 0,2,0,0,2,0,0]
2013/07/16 15:02:45.367     8    26 G0   Client connection to 116968025, server version is 8.0.19617 QS, OS=14 Participant=[116968025,1970000089]
2013/07/16 15:02:45.367     8    26 G0   ServerClientBaseGUI.RegisterDragDropStream: D&D disabled
2013/07/16 15:02:45.368     8    26 G0   CClient::SendInfo, resolution settings: mode = 1, width = 0, height = 0, selected monitor = 0
2013/07/16 15:02:45.368     8    26 G0   DT: Sending InitSignal to DT 3019043770
2013/07/16 15:02:45.398     8     9 G0   DT: Sending InitSignal to DT 3019043770
2013/07/16 15:02:47.085     8    18 G0   RemoteDesktop 01684500: StreamID=6
2013/07/16 15:02:47.194     8    26 G0   Server display is 1368x768x8, quali=100, monitors=0/1, sw=0, tilsize=0
2013/07/16 15:02:47.195     8    26 G0   Compress: Caching active, partners version is 2, own version is 2
2013/07/16 15:02:47.298     8    26 G0   RA: Audio client initiated with [ch = 1, sr = 48000]
2013/07/16 15:02:47.299     8    26 G0   AudioDriver: Initializing Direct Sound 8
2013/07/16 15:02:47.301     8    27 G0   AudioDriver: Thread Running
2013/07/16 15:02:47.301     8    26 G0   AudioDriver: Direct Sound Initialized
2013/07/16 15:02:47.302     8    26 G0!! AudioDriver: Could not enumerate Direct Sound devices
2013/07/16 15:02:47.302     8    26 G0!! AudioDriver: Could not enumerate Direct Sound capture devices
2013/07/16 15:02:47.303     8    26 G0!! AudioDriver: Could not enumerate Direct Sound devices
2013/07/16 15:02:47.304     8    26 G0!! AudioDriver: Direct Sound failed
2013/07/16 15:02:47.304     8    26 G0   AudBuffer: No Wave Playback Devices found
2013/07/16 15:02:52.159     8     9 G0   X Error 3 on ???, Req 2.0 (#6048 r33554450): BadWindow (invalid Window parameter)
2013/07/16 15:02:57.164     8    26 G0   Server display is 1366x768x32, quali=80, monitors=0/1, sw=0, tilsize=64
2013/07/16 15:03:27.768     8     9 G0   SCB::SendRemoveParticipant: victim=[0,0], forceEndMeeting=0
2013/07/16 15:03:27.769     8     9 G0   Connection closed by user
2013/07/16 15:04:16.496     8     9 G0   Trying connection to 116968025, mode = 1
2013/07/16 15:04:16.499     8    28 G0   CLogin::run()
2013/07/16 15:04:21.739     8    28 G0   CLoginClient::NegotiateVersionClient()
2013/07/16 15:04:23.614     8    28 G0   CLoginClient::AuthenticateClient()
2013/07/16 15:04:32.151     8    28 G0   RA: RemoteAudioReceiver::Factory started
2013/07/16 15:04:32.156     8    28 G0!! Audio: Could not open Input Mixer. EC 6
2013/07/16 15:04:32.156     8    28 G0!! Audio: Could not open Output Mixer. EC 6
2013/07/16 15:04:32.157     8    28 G0   AudioManager: Mixer Lines are -1 -1 -1 -1 -1 -1
2013/07/16 15:04:32.157     8    28 G0   Default keyboard layout: 04090409
2013/07/16 15:04:32.172     8     9 G0   X Error 8 on ???, Req 42.0 (#1332 r33554453): BadMatch (invalid parameter attributes)
2013/07/16 15:04:32.174     8     9 G0   X Error 8 on ???, Req 42.0 (#1362 r33554454): BadMatch (invalid parameter attributes)
2013/07/16 15:04:32.185     8     9 G0   Local display is 1440x900
2013/07/16 15:04:32.185     8     9 G0   X Error 8 on ???, Req 42.0 (#1392 r33554455): BadMatch (invalid parameter attributes)
2013/07/16 15:04:32.187     8     9 G0   X Error 8 on ???, Req 42.0 (#1450 r33554457): BadMatch (invalid parameter attributes)
2013/07/16 15:04:32.192     8    28 G0   Client: RemoteDesktop 0170ECF0 created (id = 0)
2013/07/16 15:04:32.192     8    28 G0   PseudoSocket set enabled from 1 to 1
2013/07/16 15:04:32.193     8    28 G0   CParticipantManager::StartFullSynchronisation: session=1027171668, this=01682C28
2013/07/16 15:04:32.193     8    32 G0   ClientThread started
2013/07/16 15:04:32.193     8    28 G0   CLogin::run() leave
2013/07/16 15:04:32.193     8    32 G0   ClientThread: Waiting for ParticipantManager synchronization
2013/07/16 15:04:32.199     8    18 G0   CParticipantManagerBase participant timyhahn (ID [735673559,1027171668]) was added with the role 6
2013/07/16 15:04:32.199     8    18 G0   New Participant added in CParticipantManager timyhahn ([735673559,1027171668])
2013/07/16 15:04:32.199     8    18 G0   ClientSessionrecorder: Autostart recording function called but not activated.
2013/07/16 15:04:32.203     8    18 G0   CParticipantManager::SynchronizationComplete: session=1027171668, this=01682C28
2013/07/16 15:04:32.358     8    18 G0   CParticipantManagerBase participant  (ID [116968025,-1834918215]) was added with the role 3
2013/07/16 15:04:32.359     8    18 G0   New Participant added in CParticipantManager  ([116968025,-1834918215])
2013/07/16 15:04:32.359     8    18 G0   ClientSessionrecorder: Autostart recording function called but not activated.
2013/07/16 15:04:32.401     8    18 G0   CParticipantManagerBase::CheckAndSubscribeNewStream(): Subscribe stream now streamID=1 type=5 required=1 supported=1
2013/07/16 15:04:33.672     8    18 G0   CParticipantManagerBase InteractionDefaults arrived : CInteractionDefaults = (0) [ 0,2,0,0,2,0,0]
2013/07/16 15:04:34.047     8    32 G0   DT: Sending InitSignal to DT 1364001412
2013/07/16 15:04:34.047     8    32 G0!! DT: CDataTransceiverManager: An unexpected DataTransceiverID collision occured.
2013/07/16 15:04:34.132     8    32 G0   Client connection to 116968025, server version is 8.0.19617 QS, OS=14 Participant=[116968025,-1834918215]
2013/07/16 15:04:34.132     8    32 G0   ServerClientBaseGUI.RegisterDragDropStream: D&D disabled
2013/07/16 15:04:34.133     8    32 G0   CClient::SendInfo, resolution settings: mode = 1, width = 0, height = 0, selected monitor = 0
2013/07/16 15:04:34.133     8    32 G0   ConnectionAccessSettings: CAccessControl: RemoteControl: Allowed FileTransfer: Allowed ControlRemoteTV: Allowed SwitchSides: Allowed AllowDisableRemoteInput: Allowed AllowVPN: Allowed AllowPartnerViewDesktop: Allowed ShareMyFiles: Allowed ShareFilesWithMe: Allowed PrintOnMyPrinters: Allowed PrintOnRemotePrinters: Allowed
2013/07/16 15:04:34.139     8    32 G0   Client connection to 116968025, server version is 8.0.19617 QS, OS=14 Participant=[116968025,-1834918215]
2013/07/16 15:04:34.139     8    32 G0   ServerClientBaseGUI.RegisterDragDropStream: D&D disabled
2013/07/16 15:04:34.139     8    32 G0   CClient::SendInfo, resolution settings: mode = 1, width = 0, height = 0, selected monitor = 0
2013/07/16 15:04:34.154     8     9 G0   DT: Sending InitSignal to DT 1364001412
2013/07/16 15:04:34.266     8    32 G0!! DT: CDataTransceiverManager: An unexpected DataTransceiverID collision occured.
2013/07/16 15:04:49.163     8     9 G0   Trying connection to 116968025, mode = 1
2013/07/16 15:04:49.175     8    33 G0   CLogin::run()
2013/07/16 15:04:49.476     8    33 G0   CLoginClient::NegotiateVersionClient()
2013/07/16 15:04:56.551     8    33 G0!! CLoginClient::NegotiateVersionClient socket was closed while reading
2013/07/16 15:04:56.551     8    33 G0   CLogin::run() leave
2013/07/16 15:05:14.732     8    18 G0   RemoteDesktop 0170ECF0: StreamID=6
2013/07/16 15:05:14.732     8    32 G0   Server display is 1368x768x8, quali=100, monitors=0/1, sw=0, tilsize=0
2013/07/16 15:05:14.734     8    32 G0   Compress: Caching active, partners version is 2, own version is 2
2013/07/16 15:05:14.790     8    32 G0   Server display is 1368x768x8, quali=100, monitors=0/1, sw=0, tilsize=0
2013/07/16 15:05:15.381     8    32 G0   RA: Audio client initiated with [ch = 1, sr = 48000]
2013/07/16 15:05:15.381     8    32 G0   AudioDriver: Initializing Direct Sound 8
2013/07/16 15:05:15.382     8    34 G0   AudioDriver: Thread Running
2013/07/16 15:05:15.382     8    32 G0   AudioDriver: Direct Sound Initialized
2013/07/16 15:05:15.382     8    32 G0!! AudioDriver: Could not enumerate Direct Sound devices
2013/07/16 15:05:15.383     8    32 G0!! AudioDriver: Could not enumerate Direct Sound capture devices
2013/07/16 15:05:15.383     8    32 G0!! AudioDriver: Could not enumerate Direct Sound devices
2013/07/16 15:05:15.384     8    32 G0!! AudioDriver: Direct Sound failed
2013/07/16 15:05:15.385     8    32 G0   AudBuffer: No Wave Playback Devices found
2013/07/16 15:05:22.530     8     9 G0   X Error 3 on ???, Req 2.0 (#16975 r33554459): BadWindow (invalid Window parameter)
2013/07/16 15:06:19.492     8    32 G0   Server display is 1368x768x8, quali=100, monitors=0/1, sw=0, tilsize=0
2013/07/16 15:08:39.502     8     9 G0   SCB::SendRemoveParticipant: victim=[0,0], forceEndMeeting=0
2013/07/16 15:08:39.502     8     9 G0   Connection closed by user
2013/07/16 15:08:43.585     8     9 G0   Trying connection to 116968025, mode = 1
2013/07/16 15:08:43.589     8    35 G0   CLogin::run()
2013/07/16 15:08:52.596     8    35 G0   CLoginClient::NegotiateVersionClient()
2013/07/16 15:08:53.702     8    35 G0   CLoginClient::AuthenticateClient()
2013/07/16 15:08:56.711     8    35 G0   RA: RemoteAudioReceiver::Factory started
2013/07/16 15:08:56.716     8    35 G0!! Audio: Could not open Input Mixer. EC 6
2013/07/16 15:08:56.716     8    35 G0!! Audio: Could not open Output Mixer. EC 6
2013/07/16 15:08:56.716     8    35 G0   AudioManager: Mixer Lines are -1 -1 -1 -1 -1 -1
2013/07/16 15:08:56.717     8    35 G0   Default keyboard layout: 04090409
2013/07/16 15:08:56.724     8     9 G0   X Error 8 on ???, Req 42.0 (#3304 r33554463): BadMatch (invalid parameter attributes)
2013/07/16 15:08:56.726     8     9 G0   X Error 8 on ???, Req 42.0 (#3334 r33554464): BadMatch (invalid parameter attributes)
2013/07/16 15:08:56.737     8     9 G0   Local display is 1440x900
2013/07/16 15:08:56.737     8     9 G0   X Error 8 on ???, Req 42.0 (#3364 r33554465): BadMatch (invalid parameter attributes)
2013/07/16 15:08:56.740     8     9 G0   X Error 8 on ???, Req 42.0 (#3422 r33554467): BadMatch (invalid parameter attributes)
2013/07/16 15:08:56.744     8    35 G0   Client: RemoteDesktop 01701E28 created (id = 0)
2013/07/16 15:08:56.744     8    35 G0   PseudoSocket set enabled from 1 to 1
2013/07/16 15:08:56.745     8    35 G0   CParticipantManager::StartFullSynchronisation: session=147046783, this=01682C28
2013/07/16 15:08:56.745     8    39 G0   ClientThread started
2013/07/16 15:08:56.745     8    35 G0   CLogin::run() leave
2013/07/16 15:08:56.745     8    39 G0   ClientThread: Waiting for ParticipantManager synchronization
2013/07/16 15:08:56.750     8    18 G0   CParticipantManagerBase participant timyhahn (ID [735673559,147046783]) was added with the role 6
2013/07/16 15:08:56.750     8    18 G0   New Participant added in CParticipantManager timyhahn ([735673559,147046783])
2013/07/16 15:08:56.750     8    18 G0   ClientSessionrecorder: Autostart recording function called but not activated.
2013/07/16 15:08:56.753     8    18 G0   CParticipantManager::SynchronizationComplete: session=147046783, this=01682C28
2013/07/16 15:08:56.914     8    18 G0   CParticipantManagerBase participant  (ID [116968025,-1646512087]) was added with the role 3
2013/07/16 15:08:56.914     8    18 G0   New Participant added in CParticipantManager  ([116968025,-1646512087])
2013/07/16 15:08:56.914     8    18 G0   ClientSessionrecorder: Autostart recording function called but not activated.
2013/07/16 15:08:56.960     8    18 G0   CParticipantManagerBase::CheckAndSubscribeNewStream(): Subscribe stream now streamID=1 type=5 required=1 supported=1
2013/07/16 15:08:57.189     8    18 G0   CParticipantManagerBase InteractionDefaults arrived : CInteractionDefaults = (0) [ 0,2,0,0,2,0,0]
2013/07/16 15:09:10.879     8    39 G0   DT: Sending InitSignal to DT 1539097637
2013/07/16 15:09:10.885     8    39 G0!! DT: CDataTransceiverManager: An unexpected DataTransceiverID collision occured.
2013/07/16 15:09:10.922     8    39 G0   Client connection to 116968025, server version is 8.0.19617 QS, OS=14 Participant=[116968025,-1646512087]
2013/07/16 15:09:10.922     8    39 G0   ServerClientBaseGUI.RegisterDragDropStream: D&D disabled
2013/07/16 15:09:10.923     8    39 G0   CClient::SendInfo, resolution settings: mode = 1, width = 0, height = 0, selected monitor = 0
2013/07/16 15:09:10.924     8    39 G0   ConnectionAccessSettings: CAccessControl: RemoteControl: Allowed FileTransfer: Allowed ControlRemoteTV: Allowed SwitchSides: Allowed AllowDisableRemoteInput: Allowed AllowVPN: Allowed AllowPartnerViewDesktop: Allowed ShareMyFiles: Allowed ShareFilesWithMe: Allowed PrintOnMyPrinters: Allowed PrintOnRemotePrinters: Allowed
2013/07/16 15:09:10.924     8    39 G0   Client connection to 116968025, server version is 8.0.19617 QS, OS=14 Participant=[116968025,-1646512087]
2013/07/16 15:09:10.924     8    39 G0   ServerClientBaseGUI.RegisterDragDropStream: D&D disabled
2013/07/16 15:09:10.924     8    39 G0   CClient::SendInfo, resolution settings: mode = 1, width = 0, height = 0, selected monitor = 0
2013/07/16 15:09:10.944     8     9 G0   DT: Sending InitSignal to DT 1539097637
2013/07/16 15:09:11.092     8    18 G0   RemoteDesktop 01701E28: StreamID=6
2013/07/16 15:09:11.149     8    39 G0   Server display is 1368x768x8, quali=100, monitors=0/1, sw=0, tilsize=0
2013/07/16 15:09:11.151     8    39 G0   Compress: Caching active, partners version is 2, own version is 2
2013/07/16 15:09:11.496     8    39 G0   RA: Audio client initiated with [ch = 1, sr = 48000]
2013/07/16 15:09:11.496     8    39 G0   AudioDriver: Initializing Direct Sound 8
2013/07/16 15:09:11.496     8    40 G0   AudioDriver: Thread Running
2013/07/16 15:09:11.497     8    39 G0   AudioDriver: Direct Sound Initialized
2013/07/16 15:09:11.497     8    39 G0!! AudioDriver: Could not enumerate Direct Sound devices
2013/07/16 15:09:11.497     8    39 G0!! AudioDriver: Could not enumerate Direct Sound capture devices
2013/07/16 15:09:11.497     8    39 G0!! AudioDriver: Could not enumerate Direct Sound devices
2013/07/16 15:09:11.497     8    39 G0!! AudioDriver: Direct Sound failed
2013/07/16 15:09:11.498     8    39 G0   AudBuffer: No Wave Playback Devices found
2013/07/16 15:09:32.382     8     9 G0   X Error 3 on ???, Req 2.0 (#34434 r33554468): BadWindow (invalid Window parameter)
2013/07/16 15:09:33.384     8     9 G0   SCB::SendRemoveParticipant: victim=[0,0], forceEndMeeting=0
2013/07/16 15:09:33.384     8     9 G0   Connection closed by user
2013/07/16 15:12:38.921     8     9 G0!! MainWindow.OnDestroy: WTSUnRegisterSessionNotification failed with error 0
2013/07/16 15:12:38.921     8     9 G0   Closing TeamViewer
2013/07/16 15:12:38.947     8     9 G0   Wine: Wine DLL freed
2013/07/16 15:12:38.949     8    18 G0   CTcpProcessConnector::HandleRead(): Socket gracefully closed (PID=13798)
2013/07/16 15:12:38.949     8    18 G0!  CInterProcess::EventFunction(): IPC-Connection Closed
2013/07/16 15:12:38.950     8    18 G0!! CTcpProcessConnector::CloseConnection(): Shutdown socket returned error 10058: Unknown error, Errorcode=317
